<?xml version="1.0" encoding="UTF-8"?>
<coverage generated="1520422920371" clover="3.2.0">
  <project timestamp="1520422920372" name="All files">
    <metrics statements="244" coveredstatements="19" conditionals="188" coveredconditionals="3" methods="29" coveredmethods="1" elements="461" coveredelements="23" complexity="0" loc="244" ncloc="244" packages="1" files="1" classes="1">
      <file name="RichangNode.js" path="C:\Users\nullice\MyProject\Richang.js\dist\RichangNode.js">
        <metrics statements="244" coveredstatements="19" conditionals="188" coveredconditionals="3" methods="29" coveredmethods="1"/>
        <line num="3" count="1" type="cond" truecount="3" falsecount="1"/>
        <line num="4" count="0" type="stmt"/>
        <line num="6" count="0" type="cond" truecount="0" falsecount="6"/>
        <line num="37" count="1" type="stmt"/>
        <line num="45" count="1" type="stmt"/>
        <line num="46" count="0" type="stmt"/>
        <line num="48" count="1" type="stmt"/>
        <line num="63" count="0" type="cond" truecount="0" falsecount="2"/>
        <line num="64" count="0" type="stmt"/>
        <line num="66" count="0" type="stmt"/>
        <line num="68" count="0" type="cond" truecount="0" falsecount="2"/>
        <line num="69" count="0" type="stmt"/>
        <line num="72" count="0" type="stmt"/>
        <line num="73" count="0" type="cond" truecount="0" falsecount="2"/>
        <line num="74" count="0" type="stmt"/>
        <line num="77" count="0" type="stmt"/>
        <line num="78" count="0" type="cond" truecount="0" falsecount="2"/>
        <line num="79" count="0" type="stmt"/>
        <line num="82" count="0" type="cond" truecount="0" falsecount="4"/>
        <line num="83" count="0" type="cond" truecount="0" falsecount="2"/>
        <line num="84" count="0" type="stmt"/>
        <line num="87" count="0" type="stmt"/>
        <line num="90" count="0" type="cond" truecount="0" falsecount="2"/>
        <line num="91" count="0" type="stmt"/>
        <line num="94" count="0" type="stmt"/>
        <line num="110" count="0" type="cond" truecount="0" falsecount="2"/>
        <line num="111" count="0" type="cond" truecount="0" falsecount="2"/>
        <line num="112" count="0" type="cond" truecount="0" falsecount="2"/>
        <line num="113" count="0" type="stmt"/>
        <line num="115" count="0" type="stmt"/>
        <line num="119" count="0" type="cond" truecount="0" falsecount="2"/>
        <line num="120" count="0" type="stmt"/>
        <line num="122" count="0" type="stmt"/>
        <line num="127" count="0" type="stmt"/>
        <line num="139" count="0" type="cond" truecount="0" falsecount="2"/>
        <line num="140" count="0" type="stmt"/>
        <line num="141" count="0" type="stmt"/>
        <line num="144" count="0" type="stmt"/>
        <line num="145" count="0" type="cond" truecount="0" falsecount="4"/>
        <line num="146" count="0" type="cond" truecount="0" falsecount="2"/>
        <line num="147" count="0" type="stmt"/>
        <line num="149" count="0" type="stmt"/>
        <line num="150" count="0" type="cond" truecount="0" falsecount="4"/>
        <line num="151" count="0" type="cond" truecount="0" falsecount="2"/>
        <line num="152" count="0" type="stmt"/>
        <line num="155" count="0" type="stmt"/>
        <line num="156" count="0" type="cond" truecount="0" falsecount="2"/>
        <line num="157" count="0" type="cond" truecount="0" falsecount="2"/>
        <line num="158" count="0" type="cond" truecount="0" falsecount="2"/>
        <line num="159" count="0" type="stmt"/>
        <line num="161" count="0" type="stmt"/>
        <line num="163" count="0" type="stmt"/>
        <line num="164" count="0" type="stmt"/>
        <line num="167" count="0" type="cond" truecount="0" falsecount="2"/>
        <line num="168" count="0" type="stmt"/>
        <line num="171" count="0" type="stmt"/>
        <line num="172" count="0" type="stmt"/>
        <line num="173" count="0" type="stmt"/>
        <line num="213" count="1" type="stmt"/>
        <line num="223" count="0" type="cond" truecount="0" falsecount="2"/>
        <line num="224" count="0" type="stmt"/>
        <line num="225" count="0" type="stmt"/>
        <line num="227" count="0" type="stmt"/>
        <line num="238" count="0" type="cond" truecount="0" falsecount="2"/>
        <line num="239" count="0" type="stmt"/>
        <line num="240" count="0" type="stmt"/>
        <line num="242" count="0" type="stmt"/>
        <line num="255" count="0" type="stmt"/>
        <line num="288" count="1" type="stmt"/>
        <line num="296" count="0" type="stmt"/>
        <line num="307" count="0" type="cond" truecount="0" falsecount="2"/>
        <line num="308" count="0" type="stmt"/>
        <line num="309" count="0" type="cond" truecount="0" falsecount="2"/>
        <line num="310" count="0" type="stmt"/>
        <line num="312" count="0" type="cond" truecount="0" falsecount="10"/>
        <line num="350" count="1" type="stmt"/>
        <line num="360" count="0" type="stmt"/>
        <line num="361" count="0" type="stmt"/>
        <line num="362" count="0" type="stmt"/>
        <line num="365" count="0" type="stmt"/>
        <line num="366" count="0" type="cond" truecount="0" falsecount="2"/>
        <line num="367" count="0" type="stmt"/>
        <line num="369" count="0" type="stmt"/>
        <line num="373" count="0" type="stmt"/>
        <line num="374" count="0" type="stmt"/>
        <line num="375" count="0" type="cond" truecount="0" falsecount="2"/>
        <line num="376" count="0" type="stmt"/>
        <line num="379" count="0" type="stmt"/>
        <line num="391" count="0" type="stmt"/>
        <line num="392" count="0" type="stmt"/>
        <line num="393" count="0" type="stmt"/>
        <line num="396" count="0" type="stmt"/>
        <line num="397" count="0" type="cond" truecount="0" falsecount="2"/>
        <line num="398" count="0" type="stmt"/>
        <line num="400" count="0" type="stmt"/>
        <line num="404" count="0" type="stmt"/>
        <line num="405" count="0" type="stmt"/>
        <line num="406" count="0" type="cond" truecount="0" falsecount="2"/>
        <line num="407" count="0" type="stmt"/>
        <line num="410" count="0" type="stmt"/>
        <line num="421" count="0" type="stmt"/>
        <line num="422" count="0" type="stmt"/>
        <line num="423" count="0" type="stmt"/>
        <line num="426" count="0" type="stmt"/>
        <line num="427" count="0" type="cond" truecount="0" falsecount="2"/>
        <line num="428" count="0" type="stmt"/>
        <line num="432" count="0" type="stmt"/>
        <line num="433" count="0" type="stmt"/>
        <line num="434" count="0" type="cond" truecount="0" falsecount="2"/>
        <line num="435" count="0" type="stmt"/>
        <line num="438" count="0" type="stmt"/>
        <line num="449" count="0" type="stmt"/>
        <line num="450" count="0" type="stmt"/>
        <line num="451" count="0" type="stmt"/>
        <line num="454" count="0" type="stmt"/>
        <line num="455" count="0" type="cond" truecount="0" falsecount="2"/>
        <line num="456" count="0" type="stmt"/>
        <line num="460" count="0" type="stmt"/>
        <line num="461" count="0" type="stmt"/>
        <line num="462" count="0" type="cond" truecount="0" falsecount="2"/>
        <line num="463" count="0" type="stmt"/>
        <line num="466" count="0" type="stmt"/>
        <line num="475" count="0" type="stmt"/>
        <line num="476" count="0" type="stmt"/>
        <line num="477" count="0" type="stmt"/>
        <line num="480" count="0" type="stmt"/>
        <line num="481" count="0" type="cond" truecount="0" falsecount="2"/>
        <line num="482" count="0" type="stmt"/>
        <line num="486" count="0" type="stmt"/>
        <line num="487" count="0" type="stmt"/>
        <line num="488" count="0" type="cond" truecount="0" falsecount="2"/>
        <line num="489" count="0" type="stmt"/>
        <line num="492" count="0" type="stmt"/>
        <line num="503" count="0" type="cond" truecount="0" falsecount="2"/>
        <line num="504" count="0" type="stmt"/>
        <line num="507" count="0" type="stmt"/>
        <line num="508" count="0" type="cond" truecount="0" falsecount="2"/>
        <line num="509" count="0" type="cond" truecount="0" falsecount="2"/>
        <line num="510" count="0" type="stmt"/>
        <line num="511" count="0" type="stmt"/>
        <line num="514" count="0" type="cond" truecount="0" falsecount="2"/>
        <line num="515" count="0" type="stmt"/>
        <line num="516" count="0" type="stmt"/>
        <line num="521" count="0" type="stmt"/>
        <line num="533" count="0" type="cond" truecount="0" falsecount="2"/>
        <line num="534" count="0" type="stmt"/>
        <line num="535" count="0" type="cond" truecount="0" falsecount="2"/>
        <line num="536" count="0" type="stmt"/>
        <line num="539" count="0" type="stmt"/>
        <line num="541" count="0" type="stmt"/>
        <line num="542" count="0" type="cond" truecount="0" falsecount="2"/>
        <line num="543" count="0" type="stmt"/>
        <line num="546" count="0" type="stmt"/>
        <line num="561" count="0" type="stmt"/>
        <line num="562" count="0" type="cond" truecount="0" falsecount="2"/>
        <line num="563" count="0" type="cond" truecount="0" falsecount="2"/>
        <line num="564" count="0" type="cond" truecount="0" falsecount="2"/>
        <line num="565" count="0" type="stmt"/>
        <line num="568" count="0" type="cond" truecount="0" falsecount="2"/>
        <line num="569" count="0" type="stmt"/>
        <line num="587" count="0" type="stmt"/>
        <line num="588" count="0" type="cond" truecount="0" falsecount="2"/>
        <line num="589" count="0" type="cond" truecount="0" falsecount="2"/>
        <line num="590" count="0" type="cond" truecount="0" falsecount="2"/>
        <line num="591" count="0" type="stmt"/>
        <line num="594" count="0" type="cond" truecount="0" falsecount="2"/>
        <line num="595" count="0" type="stmt"/>
        <line num="609" count="0" type="cond" truecount="0" falsecount="4"/>
        <line num="611" count="0" type="stmt"/>
        <line num="615" count="0" type="stmt"/>
        <line num="617" count="0" type="cond" truecount="0" falsecount="10"/>
        <line num="618" count="0" type="stmt"/>
        <line num="619" count="0" type="stmt"/>
        <line num="620" count="0" type="cond" truecount="0" falsecount="2"/>
        <line num="621" count="0" type="stmt"/>
        <line num="623" count="0" type="cond" truecount="0" falsecount="6"/>
        <line num="624" count="0" type="cond" truecount="0" falsecount="2"/>
        <line num="625" count="0" type="cond" truecount="0" falsecount="2"/>
        <line num="627" count="0" type="cond" truecount="0" falsecount="2"/>
        <line num="630" count="0" type="cond" truecount="0" falsecount="6"/>
        <line num="632" count="0" type="stmt"/>
        <line num="664" count="1" type="stmt"/>
        <line num="672" count="1" type="stmt"/>
        <line num="673" count="0" type="stmt"/>
        <line num="674" count="0" type="stmt"/>
        <line num="675" count="0" type="stmt"/>
        <line num="676" count="0" type="stmt"/>
        <line num="677" count="0" type="stmt"/>
        <line num="678" count="0" type="stmt"/>
        <line num="687" count="1" type="stmt"/>
        <line num="688" count="0" type="stmt"/>
        <line num="689" count="0" type="stmt"/>
        <line num="690" count="0" type="stmt"/>
        <line num="691" count="0" type="stmt"/>
        <line num="692" count="0" type="stmt"/>
        <line num="693" count="0" type="stmt"/>
        <line num="706" count="1" type="stmt"/>
        <line num="708" count="0" type="stmt"/>
        <line num="709" count="0" type="cond" truecount="0" falsecount="4"/>
        <line num="710" count="0" type="stmt"/>
        <line num="711" count="0" type="stmt"/>
        <line num="712" count="0" type="stmt"/>
        <line num="713" count="0" type="stmt"/>
        <line num="715" count="0" type="stmt"/>
        <line num="718" count="0" type="stmt"/>
        <line num="719" count="0" type="stmt"/>
        <line num="720" count="0" type="stmt"/>
        <line num="721" count="0" type="stmt"/>
        <line num="722" count="0" type="stmt"/>
        <line num="732" count="1" type="stmt"/>
        <line num="734" count="0" type="stmt"/>
        <line num="735" count="0" type="stmt"/>
        <line num="736" count="0" type="stmt"/>
        <line num="738" count="0" type="cond" truecount="0" falsecount="2"/>
        <line num="739" count="0" type="cond" truecount="0" falsecount="2"/>
        <line num="740" count="0" type="cond" truecount="0" falsecount="2"/>
        <line num="741" count="0" type="cond" truecount="0" falsecount="2"/>
        <line num="743" count="0" type="cond" truecount="0" falsecount="2"/>
        <line num="744" count="0" type="cond" truecount="0" falsecount="2"/>
        <line num="745" count="0" type="cond" truecount="0" falsecount="2"/>
        <line num="746" count="0" type="cond" truecount="0" falsecount="2"/>
        <line num="749" count="0" type="stmt"/>
        <line num="758" count="1" type="stmt"/>
        <line num="760" count="0" type="stmt"/>
        <line num="761" count="0" type="stmt"/>
        <line num="762" count="0" type="stmt"/>
        <line num="763" count="0" type="stmt"/>
        <line num="764" count="0" type="stmt"/>
        <line num="767" count="0" type="stmt"/>
        <line num="776" count="1" type="stmt"/>
        <line num="778" count="0" type="stmt"/>
        <line num="779" count="0" type="stmt"/>
        <line num="781" count="0" type="cond" truecount="0" falsecount="4"/>
        <line num="783" count="0" type="stmt"/>
        <line num="814" count="1" type="stmt"/>
        <line num="815" count="1" type="stmt"/>
        <line num="823" count="1" type="stmt"/>
        <line num="824" count="0" type="cond" truecount="0" falsecount="4"/>
        <line num="825" count="0" type="stmt"/>
        <line num="826" count="0" type="cond" truecount="0" falsecount="2"/>
        <line num="827" count="0" type="stmt"/>
        <line num="829" count="0" type="stmt"/>
        <line num="833" count="1" type="stmt"/>
        <line num="844" count="1" type="stmt"/>
      </file>
    </metrics>
  </project>
</coverage>
