{"C:\\Users\\nullice\\MyProject\\Richang.js\\src\\modules\\NodeFile.js": {"path":"C:\\Users\\nullice\\MyProject\\Richang.js\\src\\modules\\NodeFile.js","statementMap":{"0":{"start":{"line":25,"column":11},"end":{"line":25,"column":24}},"1":{"start":{"line":26,"column":13},"end":{"line":26,"column":28}},"2":{"start":{"line":27,"column":13},"end":{"line":27,"column":32}},"3":{"start":{"line":29,"column":11},"end":{"line":29,"column":24}},"4":{"start":{"line":33,"column":13},"end":{"line":33,"column":30}},"5":{"start":{"line":38,"column":15},"end":{"line":144,"column":1}},"6":{"start":{"line":54,"column":25},"end":{"line":54,"column":36}},"7":{"start":{"line":57,"column":26},"end":{"line":57,"column":53}},"8":{"start":{"line":58,"column":8},"end":{"line":58,"column":39}},"9":{"start":{"line":61,"column":24},"end":{"line":61,"column":43}},"10":{"start":{"line":62,"column":22},"end":{"line":62,"column":55}},"11":{"start":{"line":63,"column":8},"end":{"line":63,"column":35}},"12":{"start":{"line":65,"column":29},"end":{"line":139,"column":9}},"13":{"start":{"line":74,"column":16},"end":{"line":74,"column":45}},"14":{"start":{"line":83,"column":26},"end":{"line":83,"column":36}},"15":{"start":{"line":84,"column":27},"end":{"line":84,"column":59}},"16":{"start":{"line":85,"column":16},"end":{"line":100,"column":17}},"17":{"start":{"line":87,"column":34},"end":{"line":87,"column":41}},"18":{"start":{"line":88,"column":20},"end":{"line":99,"column":21}},"19":{"start":{"line":90,"column":39},"end":{"line":90,"column":75}},"20":{"start":{"line":91,"column":35},"end":{"line":91,"column":56}},"21":{"start":{"line":92,"column":38},"end":{"line":92,"column":74}},"22":{"start":{"line":94,"column":24},"end":{"line":97,"column":25}},"23":{"start":{"line":96,"column":28},"end":{"line":96,"column":49}},"24":{"start":{"line":115,"column":30},"end":{"line":135,"column":17}},"25":{"start":{"line":116,"column":35},"end":{"line":116,"column":54}},"26":{"start":{"line":117,"column":31},"end":{"line":117,"column":39}},"27":{"start":{"line":119,"column":20},"end":{"line":126,"column":21}},"28":{"start":{"line":121,"column":39},"end":{"line":121,"column":76}},"29":{"start":{"line":125,"column":39},"end":{"line":125,"column":68}},"30":{"start":{"line":128,"column":20},"end":{"line":134,"column":21}},"31":{"start":{"line":130,"column":24},"end":{"line":130,"column":40}},"32":{"start":{"line":133,"column":24},"end":{"line":133,"column":39}},"33":{"start":{"line":136,"column":16},"end":{"line":136,"column":32}},"34":{"start":{"line":140,"column":8},"end":{"line":140,"column":29}}},"fnMap":{"0":{"name":"(anonymous_0)","decl":{"start":{"line":53,"column":23},"end":{"line":53,"column":24}},"loc":{"start":{"line":53,"column":39},"end":{"line":142,"column":5}},"line":53},"1":{"name":"(anonymous_1)","decl":{"start":{"line":115,"column":30},"end":{"line":115,"column":31}},"loc":{"start":{"line":115,"column":36},"end":{"line":135,"column":17}},"line":115}},"branchMap":{"0":{"loc":{"start":{"line":81,"column":19},"end":{"line":81,"column":26}},"type":"default-arg","locations":[{"start":{"line":81,"column":25},"end":{"line":81,"column":26}}],"line":81},"1":{"loc":{"start":{"line":88,"column":20},"end":{"line":99,"column":21}},"type":"if","locations":[{"start":{"line":88,"column":20},"end":{"line":99,"column":21}},{"start":{"line":88,"column":20},"end":{"line":99,"column":21}}],"line":88},"2":{"loc":{"start":{"line":94,"column":24},"end":{"line":97,"column":25}},"type":"if","locations":[{"start":{"line":94,"column":24},"end":{"line":97,"column":25}},{"start":{"line":94,"column":24},"end":{"line":97,"column":25}}],"line":94},"3":{"loc":{"start":{"line":119,"column":20},"end":{"line":126,"column":21}},"type":"if","locations":[{"start":{"line":119,"column":20},"end":{"line":126,"column":21}},{"start":{"line":119,"column":20},"end":{"line":126,"column":21}}],"line":119},"4":{"loc":{"start":{"line":128,"column":20},"end":{"line":134,"column":21}},"type":"if","locations":[{"start":{"line":128,"column":20},"end":{"line":134,"column":21}},{"start":{"line":128,"column":20},"end":{"line":134,"column":21}}],"line":128}},"s":{"0":1,"1":1,"2":1,"3":1,"4":1,"5":1,"6":1,"7":1,"8":1,"9":1,"10":1,"11":1,"12":1,"13":1,"14":0,"15":0,"16":0,"17":0,"18":0,"19":0,"20":0,"21":0,"22":0,"23":0,"24":1,"25":1,"26":1,"27":1,"28":0,"29":1,"30":1,"31":0,"32":1,"33":1,"34":1},"f":{"0":1,"1":1},"b":{"0":[0],"1":[0,0],"2":[0,0],"3":[0,1],"4":[0,1]},"_coverageSchema":"332fd63041d2c1bcb487cc26dd0d5f7d97098a6c","hash":"26c36cce16219cdfda91b57170c6dff911d3c39f"}
,"C:\\Users\\nullice\\MyProject\\Richang.js\\src\\modules\\NodeImage.js": {"path":"C:\\Users\\nullice\\MyProject\\Richang.js\\src\\modules\\NodeImage.js","statementMap":{"0":{"start":{"line":29,"column":12},"end":{"line":29,"column":32}},"1":{"start":{"line":30,"column":9},"end":{"line":30,"column":22}},"2":{"start":{"line":31,"column":13},"end":{"line":31,"column":30}},"3":{"start":{"line":32,"column":21},"end":{"line":32,"column":48}},"4":{"start":{"line":39,"column":16},"end":{"line":115,"column":1}},"5":{"start":{"line":47,"column":8},"end":{"line":67,"column":10}},"6":{"start":{"line":48,"column":12},"end":{"line":66,"column":13}},"7":{"start":{"line":50,"column":35},"end":{"line":50,"column":59}},"8":{"start":{"line":51,"column":16},"end":{"line":51,"column":38}},"9":{"start":{"line":52,"column":16},"end":{"line":56,"column":18}},"10":{"start":{"line":55,"column":20},"end":{"line":55,"column":38}},"11":{"start":{"line":59,"column":16},"end":{"line":65,"column":18}},"12":{"start":{"line":60,"column":20},"end":{"line":63,"column":21}},"13":{"start":{"line":62,"column":24},"end":{"line":62,"column":59}},"14":{"start":{"line":64,"column":20},"end":{"line":64,"column":37}},"15":{"start":{"line":80,"column":8},"end":{"line":111,"column":10}},"16":{"start":{"line":82,"column":22},"end":{"line":82,"column":39}},"17":{"start":{"line":83,"column":27},"end":{"line":83,"column":44}},"18":{"start":{"line":86,"column":12},"end":{"line":93,"column":13}},"19":{"start":{"line":88,"column":24},"end":{"line":88,"column":37}},"20":{"start":{"line":89,"column":16},"end":{"line":89,"column":49}},"21":{"start":{"line":90,"column":16},"end":{"line":90,"column":53}},"22":{"start":{"line":91,"column":16},"end":{"line":91,"column":53}},"23":{"start":{"line":92,"column":16},"end":{"line":92,"column":37}},"24":{"start":{"line":96,"column":22},"end":{"line":99,"column":14}},"25":{"start":{"line":102,"column":12},"end":{"line":102,"column":33}},"26":{"start":{"line":103,"column":12},"end":{"line":109,"column":14}},"27":{"start":{"line":104,"column":16},"end":{"line":107,"column":17}},"28":{"start":{"line":106,"column":20},"end":{"line":106,"column":31}},"29":{"start":{"line":108,"column":16},"end":{"line":108,"column":30}}},"fnMap":{"0":{"name":"(anonymous_0)","decl":{"start":{"line":46,"column":16},"end":{"line":46,"column":17}},"loc":{"start":{"line":46,"column":38},"end":{"line":68,"column":5}},"line":46},"1":{"name":"(anonymous_1)","decl":{"start":{"line":47,"column":27},"end":{"line":47,"column":28}},"loc":{"start":{"line":47,"column":54},"end":{"line":67,"column":9}},"line":47},"2":{"name":"(anonymous_2)","decl":{"start":{"line":54,"column":33},"end":{"line":54,"column":34}},"loc":{"start":{"line":54,"column":45},"end":{"line":56,"column":17}},"line":54},"3":{"name":"(anonymous_3)","decl":{"start":{"line":59,"column":55},"end":{"line":59,"column":56}},"loc":{"start":{"line":59,"column":77},"end":{"line":65,"column":17}},"line":59},"4":{"name":"(anonymous_4)","decl":{"start":{"line":78,"column":32},"end":{"line":78,"column":33}},"loc":{"start":{"line":78,"column":72},"end":{"line":113,"column":5}},"line":78},"5":{"name":"(anonymous_5)","decl":{"start":{"line":80,"column":27},"end":{"line":80,"column":28}},"loc":{"start":{"line":80,"column":47},"end":{"line":111,"column":9}},"line":80},"6":{"name":"(anonymous_6)","decl":{"start":{"line":103,"column":39},"end":{"line":103,"column":40}},"loc":{"start":{"line":103,"column":62},"end":{"line":109,"column":13}},"line":103}},"branchMap":{"0":{"loc":{"start":{"line":48,"column":12},"end":{"line":66,"column":13}},"type":"if","locations":[{"start":{"line":48,"column":12},"end":{"line":66,"column":13}},{"start":{"line":48,"column":12},"end":{"line":66,"column":13}}],"line":48},"1":{"loc":{"start":{"line":60,"column":20},"end":{"line":63,"column":21}},"type":"if","locations":[{"start":{"line":60,"column":20},"end":{"line":63,"column":21}},{"start":{"line":60,"column":20},"end":{"line":63,"column":21}}],"line":60},"2":{"loc":{"start":{"line":83,"column":27},"end":{"line":83,"column":44}},"type":"binary-expr","locations":[{"start":{"line":83,"column":27},"end":{"line":83,"column":39}},{"start":{"line":83,"column":43},"end":{"line":83,"column":44}}],"line":83},"3":{"loc":{"start":{"line":104,"column":16},"end":{"line":107,"column":17}},"type":"if","locations":[{"start":{"line":104,"column":16},"end":{"line":107,"column":17}},{"start":{"line":104,"column":16},"end":{"line":107,"column":17}}],"line":104}},"s":{"0":1,"1":1,"2":1,"3":1,"4":1,"5":2,"6":2,"7":2,"8":2,"9":2,"10":2,"11":0,"12":0,"13":0,"14":0,"15":1,"16":1,"17":1,"18":1,"19":529,"20":529,"21":529,"22":529,"23":529,"24":1,"25":1,"26":1,"27":1,"28":0,"29":1},"f":{"0":2,"1":2,"2":2,"3":0,"4":1,"5":1,"6":1},"b":{"0":[2,0],"1":[0,0],"2":[1,0],"3":[0,1]},"_coverageSchema":"332fd63041d2c1bcb487cc26dd0d5f7d97098a6c","hash":"0aeb1d136d2d7b367337948b035b49d955eecabe"}
,"C:\\Users\\nullice\\MyProject\\Richang.js\\src\\modules\\NodeTool.js": {"path":"C:\\Users\\nullice\\MyProject\\Richang.js\\src\\modules\\NodeTool.js","statementMap":{"0":{"start":{"line":28,"column":17},"end":{"line":28,"column":34}},"1":{"start":{"line":33,"column":15},"end":{"line":82,"column":1}},"2":{"start":{"line":44,"column":18},"end":{"line":44,"column":46}},"3":{"start":{"line":45,"column":8},"end":{"line":45,"column":26}},"4":{"start":{"line":46,"column":18},"end":{"line":46,"column":35}},"5":{"start":{"line":47,"column":8},"end":{"line":47,"column":18}},"6":{"start":{"line":59,"column":18},"end":{"line":59,"column":49}},"7":{"start":{"line":60,"column":8},"end":{"line":60,"column":26}},"8":{"start":{"line":61,"column":18},"end":{"line":61,"column":35}},"9":{"start":{"line":62,"column":8},"end":{"line":62,"column":18}},"10":{"start":{"line":73,"column":18},"end":{"line":73,"column":52}},"11":{"start":{"line":74,"column":19},"end":{"line":74,"column":46}},"12":{"start":{"line":75,"column":8},"end":{"line":78,"column":9}},"13":{"start":{"line":77,"column":12},"end":{"line":77,"column":28}},"14":{"start":{"line":79,"column":8},"end":{"line":79,"column":18}}},"fnMap":{"0":{"name":"(anonymous_0)","decl":{"start":{"line":43,"column":12},"end":{"line":43,"column":13}},"loc":{"start":{"line":43,"column":30},"end":{"line":48,"column":5}},"line":43},"1":{"name":"(anonymous_1)","decl":{"start":{"line":58,"column":15},"end":{"line":58,"column":16}},"loc":{"start":{"line":58,"column":33},"end":{"line":63,"column":5}},"line":58},"2":{"name":"(anonymous_2)","decl":{"start":{"line":72,"column":25},"end":{"line":72,"column":26}},"loc":{"start":{"line":72,"column":48},"end":{"line":80,"column":5}},"line":72}},"branchMap":{},"s":{"0":1,"1":1,"2":1,"3":1,"4":1,"5":1,"6":1,"7":1,"8":1,"9":1,"10":0,"11":0,"12":0,"13":0,"14":0},"f":{"0":1,"1":1,"2":0},"b":{},"_coverageSchema":"332fd63041d2c1bcb487cc26dd0d5f7d97098a6c","hash":"e09b2079a47deeafcba2b62683cd849b1517bbde"}
,"C:\\Users\\nullice\\MyProject\\Richang.js\\src\\modules\\Object.js": {"path":"C:\\Users\\nullice\\MyProject\\Richang.js\\src\\modules\\Object.js","statementMap":{"0":{"start":{"line":32,"column":16},"end":{"line":393,"column":1}},"1":{"start":{"line":40,"column":8},"end":{"line":43,"column":9}},"2":{"start":{"line":42,"column":12},"end":{"line":42,"column":24}},"3":{"start":{"line":44,"column":8},"end":{"line":44,"column":19}},"4":{"start":{"line":59,"column":8},"end":{"line":60,"column":16}},"5":{"start":{"line":60,"column":9},"end":{"line":60,"column":15}},"6":{"start":{"line":61,"column":8},"end":{"line":103,"column":9}},"7":{"start":{"line":64,"column":12},"end":{"line":67,"column":13}},"8":{"start":{"line":66,"column":16},"end":{"line":66,"column":37}},"9":{"start":{"line":69,"column":29},"end":{"line":69,"column":33}},"10":{"start":{"line":70,"column":12},"end":{"line":73,"column":13}},"11":{"start":{"line":72,"column":16},"end":{"line":72,"column":54}},"12":{"start":{"line":75,"column":23},"end":{"line":75,"column":24}},"13":{"start":{"line":76,"column":12},"end":{"line":79,"column":13}},"14":{"start":{"line":78,"column":16},"end":{"line":78,"column":45}},"15":{"start":{"line":81,"column":12},"end":{"line":102,"column":13}},"16":{"start":{"line":83,"column":16},"end":{"line":86,"column":17}},"17":{"start":{"line":85,"column":20},"end":{"line":85,"column":34}},"18":{"start":{"line":88,"column":16},"end":{"line":88,"column":104}},"19":{"start":{"line":92,"column":16},"end":{"line":100,"column":17}},"20":{"start":{"line":94,"column":20},"end":{"line":94,"column":58}},"21":{"start":{"line":99,"column":20},"end":{"line":99,"column":38}},"22":{"start":{"line":117,"column":8},"end":{"line":143,"column":9}},"23":{"start":{"line":119,"column":12},"end":{"line":141,"column":13}},"24":{"start":{"line":121,"column":16},"end":{"line":127,"column":17}},"25":{"start":{"line":123,"column":20},"end":{"line":123,"column":47}},"26":{"start":{"line":126,"column":20},"end":{"line":126,"column":31}},"27":{"start":{"line":132,"column":16},"end":{"line":139,"column":17}},"28":{"start":{"line":134,"column":20},"end":{"line":134,"column":49}},"29":{"start":{"line":138,"column":20},"end":{"line":138,"column":31}},"30":{"start":{"line":145,"column":8},"end":{"line":145,"column":23}},"31":{"start":{"line":157,"column":8},"end":{"line":161,"column":9}},"32":{"start":{"line":159,"column":12},"end":{"line":159,"column":36}},"33":{"start":{"line":160,"column":12},"end":{"line":160,"column":18}},"34":{"start":{"line":163,"column":8},"end":{"line":210,"column":9}},"35":{"start":{"line":165,"column":12},"end":{"line":209,"column":13}},"36":{"start":{"line":167,"column":16},"end":{"line":170,"column":17}},"37":{"start":{"line":169,"column":20},"end":{"line":169,"column":41}},"38":{"start":{"line":171,"column":16},"end":{"line":171,"column":44}},"39":{"start":{"line":173,"column":17},"end":{"line":209,"column":13}},"40":{"start":{"line":175,"column":16},"end":{"line":178,"column":17}},"41":{"start":{"line":177,"column":20},"end":{"line":177,"column":44}},"42":{"start":{"line":180,"column":16},"end":{"line":180,"column":47}},"43":{"start":{"line":182,"column":17},"end":{"line":209,"column":13}},"44":{"start":{"line":184,"column":16},"end":{"line":207,"column":17}},"45":{"start":{"line":186,"column":20},"end":{"line":189,"column":21}},"46":{"start":{"line":188,"column":24},"end":{"line":188,"column":45}},"47":{"start":{"line":190,"column":20},"end":{"line":190,"column":48}},"48":{"start":{"line":192,"column":20},"end":{"line":192,"column":47}},"49":{"start":{"line":193,"column":20},"end":{"line":193,"column":26}},"50":{"start":{"line":199,"column":20},"end":{"line":202,"column":21}},"51":{"start":{"line":201,"column":24},"end":{"line":201,"column":48}},"52":{"start":{"line":204,"column":20},"end":{"line":204,"column":51}},"53":{"start":{"line":205,"column":20},"end":{"line":205,"column":51}},"54":{"start":{"line":206,"column":20},"end":{"line":206,"column":26}},"55":{"start":{"line":232,"column":8},"end":{"line":241,"column":9}},"56":{"start":{"line":235,"column":28},"end":{"line":235,"column":33}},"57":{"start":{"line":238,"column":28},"end":{"line":240,"column":13}},"58":{"start":{"line":239,"column":16},"end":{"line":239,"column":39}},"59":{"start":{"line":245,"column":25},"end":{"line":245,"column":27}},"60":{"start":{"line":246,"column":27},"end":{"line":246,"column":29}},"61":{"start":{"line":247,"column":12},"end":{"line":276,"column":13}},"62":{"start":{"line":249,"column":27},"end":{"line":249,"column":39}},"63":{"start":{"line":251,"column":16},"end":{"line":258,"column":17}},"64":{"start":{"line":253,"column":20},"end":{"line":253,"column":37}},"65":{"start":{"line":254,"column":20},"end":{"line":257,"column":21}},"66":{"start":{"line":256,"column":24},"end":{"line":256,"column":37}},"67":{"start":{"line":260,"column":16},"end":{"line":275,"column":17}},"68":{"start":{"line":262,"column":20},"end":{"line":274,"column":21}},"69":{"start":{"line":264,"column":33},"end":{"line":264,"column":97}},"70":{"start":{"line":265,"column":24},"end":{"line":268,"column":25}},"71":{"start":{"line":267,"column":28},"end":{"line":267,"column":37}},"72":{"start":{"line":269,"column":24},"end":{"line":269,"column":50}},"73":{"start":{"line":273,"column":24},"end":{"line":273,"column":56}},"74":{"start":{"line":278,"column":12},"end":{"line":289,"column":13}},"75":{"start":{"line":280,"column":16},"end":{"line":288,"column":17}},"76":{"start":{"line":282,"column":29},"end":{"line":282,"column":87}},"77":{"start":{"line":283,"column":20},"end":{"line":286,"column":21}},"78":{"start":{"line":285,"column":24},"end":{"line":285,"column":33}},"79":{"start":{"line":287,"column":20},"end":{"line":287,"column":46}},"80":{"start":{"line":291,"column":12},"end":{"line":291,"column":25}},"81":{"start":{"line":294,"column":17},"end":{"line":294,"column":77}},"82":{"start":{"line":295,"column":8},"end":{"line":301,"column":9}},"83":{"start":{"line":297,"column":12},"end":{"line":297,"column":47}},"84":{"start":{"line":300,"column":12},"end":{"line":300,"column":21}},"85":{"start":{"line":327,"column":26},"end":{"line":327,"column":28}},"86":{"start":{"line":328,"column":20},"end":{"line":328,"column":21}},"87":{"start":{"line":329,"column":22},"end":{"line":329,"column":23}},"88":{"start":{"line":331,"column":8},"end":{"line":332,"column":30}},"89":{"start":{"line":332,"column":9},"end":{"line":332,"column":29}},"90":{"start":{"line":334,"column":8},"end":{"line":334,"column":61}},"91":{"start":{"line":335,"column":8},"end":{"line":335,"column":69}},"92":{"start":{"line":339,"column":12},"end":{"line":342,"column":13}},"93":{"start":{"line":341,"column":16},"end":{"line":341,"column":30}},"94":{"start":{"line":344,"column":27},"end":{"line":344,"column":29}},"95":{"start":{"line":345,"column":12},"end":{"line":376,"column":13}},"96":{"start":{"line":347,"column":16},"end":{"line":347,"column":23}},"97":{"start":{"line":348,"column":16},"end":{"line":354,"column":17}},"98":{"start":{"line":350,"column":20},"end":{"line":350,"column":41}},"99":{"start":{"line":353,"column":20},"end":{"line":353,"column":39}},"100":{"start":{"line":356,"column":27},"end":{"line":356,"column":39}},"101":{"start":{"line":357,"column":16},"end":{"line":360,"column":17}},"102":{"start":{"line":359,"column":20},"end":{"line":359,"column":26}},"103":{"start":{"line":362,"column":16},"end":{"line":375,"column":17}},"104":{"start":{"line":364,"column":20},"end":{"line":374,"column":21}},"105":{"start":{"line":366,"column":33},"end":{"line":366,"column":101}},"106":{"start":{"line":367,"column":24},"end":{"line":370,"column":25}},"107":{"start":{"line":369,"column":28},"end":{"line":369,"column":34}},"108":{"start":{"line":373,"column":24},"end":{"line":373,"column":56}},"109":{"start":{"line":378,"column":12},"end":{"line":388,"column":13}},"110":{"start":{"line":380,"column":16},"end":{"line":387,"column":17}},"111":{"start":{"line":382,"column":29},"end":{"line":382,"column":91}},"112":{"start":{"line":383,"column":20},"end":{"line":386,"column":21}},"113":{"start":{"line":385,"column":24},"end":{"line":385,"column":30}},"114":{"start":{"line":389,"column":12},"end":{"line":389,"column":18}}},"fnMap":{"0":{"name":"(anonymous_0)","decl":{"start":{"line":39,"column":19},"end":{"line":39,"column":20}},"loc":{"start":{"line":39,"column":34},"end":{"line":45,"column":5}},"line":39},"1":{"name":"(anonymous_1)","decl":{"start":{"line":57,"column":24},"end":{"line":57,"column":25}},"loc":{"start":{"line":57,"column":100},"end":{"line":105,"column":5}},"line":57},"2":{"name":"(anonymous_2)","decl":{"start":{"line":115,"column":27},"end":{"line":115,"column":28}},"loc":{"start":{"line":115,"column":66},"end":{"line":146,"column":5}},"line":115},"3":{"name":"(anonymous_3)","decl":{"start":{"line":154,"column":27},"end":{"line":154,"column":28}},"loc":{"start":{"line":154,"column":59},"end":{"line":211,"column":5}},"line":154},"4":{"name":"(anonymous_4)","decl":{"start":{"line":230,"column":14},"end":{"line":230,"column":15}},"loc":{"start":{"line":230,"column":76},"end":{"line":303,"column":5}},"line":230},"5":{"name":"(anonymous_5)","decl":{"start":{"line":238,"column":28},"end":{"line":238,"column":29}},"loc":{"start":{"line":238,"column":42},"end":{"line":240,"column":13}},"line":238},"6":{"name":"once","decl":{"start":{"line":243,"column":17},"end":{"line":243,"column":21}},"loc":{"start":{"line":244,"column":8},"end":{"line":292,"column":9}},"line":244},"7":{"name":"(anonymous_7)","decl":{"start":{"line":326,"column":14},"end":{"line":326,"column":15}},"loc":{"start":{"line":326,"column":70},"end":{"line":391,"column":5}},"line":326},"8":{"name":"(anonymous_8)","decl":{"start":{"line":332,"column":20},"end":{"line":332,"column":21}},"loc":{"start":{"line":332,"column":27},"end":{"line":332,"column":29}},"line":332},"9":{"name":"once","decl":{"start":{"line":337,"column":17},"end":{"line":337,"column":21}},"loc":{"start":{"line":338,"column":8},"end":{"line":390,"column":9}},"line":338}},"branchMap":{"0":{"loc":{"start":{"line":59,"column":8},"end":{"line":60,"column":16}},"type":"if","locations":[{"start":{"line":59,"column":8},"end":{"line":60,"column":16}},{"start":{"line":59,"column":8},"end":{"line":60,"column":16}}],"line":59},"1":{"loc":{"start":{"line":64,"column":12},"end":{"line":67,"column":13}},"type":"if","locations":[{"start":{"line":64,"column":12},"end":{"line":67,"column":13}},{"start":{"line":64,"column":12},"end":{"line":67,"column":13}}],"line":64},"2":{"loc":{"start":{"line":70,"column":12},"end":{"line":73,"column":13}},"type":"if","locations":[{"start":{"line":70,"column":12},"end":{"line":73,"column":13}},{"start":{"line":70,"column":12},"end":{"line":73,"column":13}}],"line":70},"3":{"loc":{"start":{"line":76,"column":12},"end":{"line":79,"column":13}},"type":"if","locations":[{"start":{"line":76,"column":12},"end":{"line":79,"column":13}},{"start":{"line":76,"column":12},"end":{"line":79,"column":13}}],"line":76},"4":{"loc":{"start":{"line":81,"column":12},"end":{"line":102,"column":13}},"type":"if","locations":[{"start":{"line":81,"column":12},"end":{"line":102,"column":13}},{"start":{"line":81,"column":12},"end":{"line":102,"column":13}}],"line":81},"5":{"loc":{"start":{"line":81,"column":16},"end":{"line":81,"column":68}},"type":"binary-expr","locations":[{"start":{"line":81,"column":16},"end":{"line":81,"column":35}},{"start":{"line":81,"column":39},"end":{"line":81,"column":68}}],"line":81},"6":{"loc":{"start":{"line":83,"column":16},"end":{"line":86,"column":17}},"type":"if","locations":[{"start":{"line":83,"column":16},"end":{"line":86,"column":17}},{"start":{"line":83,"column":16},"end":{"line":86,"column":17}}],"line":83},"7":{"loc":{"start":{"line":92,"column":16},"end":{"line":100,"column":17}},"type":"if","locations":[{"start":{"line":92,"column":16},"end":{"line":100,"column":17}},{"start":{"line":92,"column":16},"end":{"line":100,"column":17}}],"line":92},"8":{"loc":{"start":{"line":117,"column":45},"end":{"line":117,"column":62}},"type":"binary-expr","locations":[{"start":{"line":117,"column":45},"end":{"line":117,"column":57}},{"start":{"line":117,"column":61},"end":{"line":117,"column":62}}],"line":117},"9":{"loc":{"start":{"line":119,"column":12},"end":{"line":141,"column":13}},"type":"if","locations":[{"start":{"line":119,"column":12},"end":{"line":141,"column":13}},{"start":{"line":119,"column":12},"end":{"line":141,"column":13}}],"line":119},"10":{"loc":{"start":{"line":121,"column":16},"end":{"line":127,"column":17}},"type":"if","locations":[{"start":{"line":121,"column":16},"end":{"line":127,"column":17}},{"start":{"line":121,"column":16},"end":{"line":127,"column":17}}],"line":121},"11":{"loc":{"start":{"line":132,"column":16},"end":{"line":139,"column":17}},"type":"if","locations":[{"start":{"line":132,"column":16},"end":{"line":139,"column":17}},{"start":{"line":132,"column":16},"end":{"line":139,"column":17}}],"line":132},"12":{"loc":{"start":{"line":157,"column":8},"end":{"line":161,"column":9}},"type":"if","locations":[{"start":{"line":157,"column":8},"end":{"line":161,"column":9}},{"start":{"line":157,"column":8},"end":{"line":161,"column":9}}],"line":157},"13":{"loc":{"start":{"line":165,"column":12},"end":{"line":209,"column":13}},"type":"if","locations":[{"start":{"line":165,"column":12},"end":{"line":209,"column":13}},{"start":{"line":165,"column":12},"end":{"line":209,"column":13}}],"line":165},"14":{"loc":{"start":{"line":165,"column":16},"end":{"line":165,"column":42}},"type":"binary-expr","locations":[{"start":{"line":165,"column":16},"end":{"line":165,"column":22}},{"start":{"line":165,"column":26},"end":{"line":165,"column":42}}],"line":165},"15":{"loc":{"start":{"line":167,"column":16},"end":{"line":170,"column":17}},"type":"if","locations":[{"start":{"line":167,"column":16},"end":{"line":170,"column":17}},{"start":{"line":167,"column":16},"end":{"line":170,"column":17}}],"line":167},"16":{"loc":{"start":{"line":173,"column":17},"end":{"line":209,"column":13}},"type":"if","locations":[{"start":{"line":173,"column":17},"end":{"line":209,"column":13}},{"start":{"line":173,"column":17},"end":{"line":209,"column":13}}],"line":173},"17":{"loc":{"start":{"line":173,"column":21},"end":{"line":173,"column":61}},"type":"binary-expr","locations":[{"start":{"line":173,"column":21},"end":{"line":173,"column":41}},{"start":{"line":173,"column":45},"end":{"line":173,"column":61}}],"line":173},"18":{"loc":{"start":{"line":175,"column":16},"end":{"line":178,"column":17}},"type":"if","locations":[{"start":{"line":175,"column":16},"end":{"line":178,"column":17}},{"start":{"line":175,"column":16},"end":{"line":178,"column":17}}],"line":175},"19":{"loc":{"start":{"line":182,"column":17},"end":{"line":209,"column":13}},"type":"if","locations":[{"start":{"line":182,"column":17},"end":{"line":209,"column":13}},{"start":{"line":182,"column":17},"end":{"line":209,"column":13}}],"line":182},"20":{"loc":{"start":{"line":184,"column":16},"end":{"line":207,"column":17}},"type":"if","locations":[{"start":{"line":184,"column":16},"end":{"line":207,"column":17}},{"start":{"line":184,"column":16},"end":{"line":207,"column":17}}],"line":184},"21":{"loc":{"start":{"line":186,"column":20},"end":{"line":189,"column":21}},"type":"if","locations":[{"start":{"line":186,"column":20},"end":{"line":189,"column":21}},{"start":{"line":186,"column":20},"end":{"line":189,"column":21}}],"line":186},"22":{"loc":{"start":{"line":199,"column":20},"end":{"line":202,"column":21}},"type":"if","locations":[{"start":{"line":199,"column":20},"end":{"line":202,"column":21}},{"start":{"line":199,"column":20},"end":{"line":202,"column":21}}],"line":199},"23":{"loc":{"start":{"line":232,"column":8},"end":{"line":241,"column":9}},"type":"if","locations":[{"start":{"line":232,"column":8},"end":{"line":241,"column":9}},{"start":{"line":232,"column":8},"end":{"line":241,"column":9}}],"line":232},"24":{"loc":{"start":{"line":251,"column":16},"end":{"line":258,"column":17}},"type":"if","locations":[{"start":{"line":251,"column":16},"end":{"line":258,"column":17}},{"start":{"line":251,"column":16},"end":{"line":258,"column":17}}],"line":251},"25":{"loc":{"start":{"line":254,"column":20},"end":{"line":257,"column":21}},"type":"if","locations":[{"start":{"line":254,"column":20},"end":{"line":257,"column":21}},{"start":{"line":254,"column":20},"end":{"line":257,"column":21}}],"line":254},"26":{"loc":{"start":{"line":260,"column":16},"end":{"line":275,"column":17}},"type":"if","locations":[{"start":{"line":260,"column":16},"end":{"line":275,"column":17}},{"start":{"line":260,"column":16},"end":{"line":275,"column":17}}],"line":260},"27":{"loc":{"start":{"line":262,"column":20},"end":{"line":274,"column":21}},"type":"if","locations":[{"start":{"line":262,"column":20},"end":{"line":274,"column":21}},{"start":{"line":262,"column":20},"end":{"line":274,"column":21}}],"line":262},"28":{"loc":{"start":{"line":265,"column":24},"end":{"line":268,"column":25}},"type":"if","locations":[{"start":{"line":265,"column":24},"end":{"line":268,"column":25}},{"start":{"line":265,"column":24},"end":{"line":268,"column":25}}],"line":265},"29":{"loc":{"start":{"line":265,"column":28},"end":{"line":265,"column":53}},"type":"binary-expr","locations":[{"start":{"line":265,"column":28},"end":{"line":265,"column":36}},{"start":{"line":265,"column":40},"end":{"line":265,"column":53}}],"line":265},"30":{"loc":{"start":{"line":278,"column":12},"end":{"line":289,"column":13}},"type":"if","locations":[{"start":{"line":278,"column":12},"end":{"line":289,"column":13}},{"start":{"line":278,"column":12},"end":{"line":289,"column":13}}],"line":278},"31":{"loc":{"start":{"line":283,"column":20},"end":{"line":286,"column":21}},"type":"if","locations":[{"start":{"line":283,"column":20},"end":{"line":286,"column":21}},{"start":{"line":283,"column":20},"end":{"line":286,"column":21}}],"line":283},"32":{"loc":{"start":{"line":283,"column":24},"end":{"line":283,"column":49}},"type":"binary-expr","locations":[{"start":{"line":283,"column":24},"end":{"line":283,"column":32}},{"start":{"line":283,"column":36},"end":{"line":283,"column":49}}],"line":283},"33":{"loc":{"start":{"line":295,"column":8},"end":{"line":301,"column":9}},"type":"if","locations":[{"start":{"line":295,"column":8},"end":{"line":301,"column":9}},{"start":{"line":295,"column":8},"end":{"line":301,"column":9}}],"line":295},"34":{"loc":{"start":{"line":297,"column":19},"end":{"line":297,"column":47}},"type":"cond-expr","locations":[{"start":{"line":297,"column":35},"end":{"line":297,"column":40}},{"start":{"line":297,"column":43},"end":{"line":297,"column":47}}],"line":297},"35":{"loc":{"start":{"line":331,"column":8},"end":{"line":332,"column":30}},"type":"if","locations":[{"start":{"line":331,"column":8},"end":{"line":332,"column":30}},{"start":{"line":331,"column":8},"end":{"line":332,"column":30}}],"line":331},"36":{"loc":{"start":{"line":339,"column":12},"end":{"line":342,"column":13}},"type":"if","locations":[{"start":{"line":339,"column":12},"end":{"line":342,"column":13}},{"start":{"line":339,"column":12},"end":{"line":342,"column":13}}],"line":339},"37":{"loc":{"start":{"line":348,"column":16},"end":{"line":354,"column":17}},"type":"if","locations":[{"start":{"line":348,"column":16},"end":{"line":354,"column":17}},{"start":{"line":348,"column":16},"end":{"line":354,"column":17}}],"line":348},"38":{"loc":{"start":{"line":357,"column":16},"end":{"line":360,"column":17}},"type":"if","locations":[{"start":{"line":357,"column":16},"end":{"line":360,"column":17}},{"start":{"line":357,"column":16},"end":{"line":360,"column":17}}],"line":357},"39":{"loc":{"start":{"line":362,"column":16},"end":{"line":375,"column":17}},"type":"if","locations":[{"start":{"line":362,"column":16},"end":{"line":375,"column":17}},{"start":{"line":362,"column":16},"end":{"line":375,"column":17}}],"line":362},"40":{"loc":{"start":{"line":364,"column":20},"end":{"line":374,"column":21}},"type":"if","locations":[{"start":{"line":364,"column":20},"end":{"line":374,"column":21}},{"start":{"line":364,"column":20},"end":{"line":374,"column":21}}],"line":364},"41":{"loc":{"start":{"line":367,"column":24},"end":{"line":370,"column":25}},"type":"if","locations":[{"start":{"line":367,"column":24},"end":{"line":370,"column":25}},{"start":{"line":367,"column":24},"end":{"line":370,"column":25}}],"line":367},"42":{"loc":{"start":{"line":378,"column":12},"end":{"line":388,"column":13}},"type":"if","locations":[{"start":{"line":378,"column":12},"end":{"line":388,"column":13}},{"start":{"line":378,"column":12},"end":{"line":388,"column":13}}],"line":378},"43":{"loc":{"start":{"line":383,"column":20},"end":{"line":386,"column":21}},"type":"if","locations":[{"start":{"line":383,"column":20},"end":{"line":386,"column":21}},{"start":{"line":383,"column":20},"end":{"line":386,"column":21}}],"line":383}},"s":{"0":1,"1":1,"2":0,"3":1,"4":0,"5":0,"6":0,"7":0,"8":0,"9":0,"10":0,"11":0,"12":0,"13":0,"14":0,"15":0,"16":0,"17":0,"18":0,"19":0,"20":0,"21":0,"22":0,"23":0,"24":0,"25":0,"26":0,"27":0,"28":0,"29":0,"30":0,"31":0,"32":0,"33":0,"34":0,"35":0,"36":0,"37":0,"38":0,"39":0,"40":0,"41":0,"42":0,"43":0,"44":0,"45":0,"46":0,"47":0,"48":0,"49":0,"50":0,"51":0,"52":0,"53":0,"54":0,"55":4,"56":2,"57":2,"58":200,"59":150,"60":150,"61":150,"62":478,"63":478,"64":36,"65":36,"66":2,"67":476,"68":153,"69":74,"70":74,"71":1,"72":73,"73":79,"74":147,"75":73,"76":72,"77":72,"78":1,"79":71,"80":146,"81":4,"82":4,"83":2,"84":2,"85":8,"86":8,"87":8,"88":8,"89":0,"90":8,"91":8,"92":314,"93":26,"94":314,"95":314,"96":1014,"97":1014,"98":34,"99":980,"100":1014,"101":1014,"102":0,"103":1014,"104":306,"105":168,"106":168,"107":0,"108":138,"109":314,"110":142,"111":138,"112":138,"113":0,"114":314},"f":{"0":1,"1":0,"2":0,"3":0,"4":4,"5":200,"6":150,"7":8,"8":0,"9":314},"b":{"0":[0,0],"1":[0,0],"2":[0,0],"3":[0,0],"4":[0,0],"5":[0,0],"6":[0,0],"7":[0,0],"8":[0,0],"9":[0,0],"10":[0,0],"11":[0,0],"12":[0,0],"13":[0,0],"14":[0,0],"15":[0,0],"16":[0,0],"17":[0,0],"18":[0,0],"19":[0,0],"20":[0,0],"21":[0,0],"22":[0,0],"23":[2,2],"24":[36,442],"25":[2,34],"26":[153,323],"27":[74,79],"28":[1,73],"29":[74,31],"30":[73,74],"31":[1,71],"32":[72,29],"33":[2,2],"34":[2,0],"35":[0,8],"36":[26,288],"37":[34,980],"38":[0,1014],"39":[306,708],"40":[168,138],"41":[0,168],"42":[142,172],"43":[0,138]},"_coverageSchema":"332fd63041d2c1bcb487cc26dd0d5f7d97098a6c","hash":"b2d4d0c9c8e6801396e195645f31dc71c39973a9"}
,"C:\\Users\\nullice\\MyProject\\Richang.js\\src\\modules\\Time.js": {"path":"C:\\Users\\nullice\\MyProject\\Richang.js\\src\\modules\\Time.js","statementMap":{"0":{"start":{"line":26,"column":13},"end":{"line":26,"column":30}},"1":{"start":{"line":31,"column":11},"end":{"line":71,"column":1}},"2":{"start":{"line":40,"column":22},"end":{"line":40,"column":44}},"3":{"start":{"line":41,"column":8},"end":{"line":47,"column":9}},"4":{"start":{"line":43,"column":12},"end":{"line":43,"column":26}},"5":{"start":{"line":46,"column":12},"end":{"line":46,"column":53}},"6":{"start":{"line":59,"column":8},"end":{"line":66,"column":9}},"7":{"start":{"line":62,"column":12},"end":{"line":62,"column":40}},"8":{"start":{"line":65,"column":12},"end":{"line":65,"column":53}}},"fnMap":{"0":{"name":"(anonymous_0)","decl":{"start":{"line":39,"column":18},"end":{"line":39,"column":19}},"loc":{"start":{"line":39,"column":33},"end":{"line":48,"column":5}},"line":39},"1":{"name":"(anonymous_1)","decl":{"start":{"line":57,"column":19},"end":{"line":57,"column":20}},"loc":{"start":{"line":57,"column":40},"end":{"line":68,"column":5}},"line":57}},"branchMap":{"0":{"loc":{"start":{"line":41,"column":8},"end":{"line":47,"column":9}},"type":"if","locations":[{"start":{"line":41,"column":8},"end":{"line":47,"column":9}},{"start":{"line":41,"column":8},"end":{"line":47,"column":9}}],"line":41},"1":{"loc":{"start":{"line":59,"column":8},"end":{"line":66,"column":9}},"type":"if","locations":[{"start":{"line":59,"column":8},"end":{"line":66,"column":9}},{"start":{"line":59,"column":8},"end":{"line":66,"column":9}}],"line":59}},"s":{"0":2,"1":2,"2":4,"3":4,"4":0,"5":4,"6":3,"7":0,"8":3},"f":{"0":4,"1":3},"b":{"0":[0,4],"1":[0,3]},"_coverageSchema":"332fd63041d2c1bcb487cc26dd0d5f7d97098a6c","hash":"64a5789f2ac40a24dc6824313b4cb7eee4d80c7d"}
,"C:\\Users\\nullice\\MyProject\\Richang.js\\src\\modules\\Tool.js": {"path":"C:\\Users\\nullice\\MyProject\\Richang.js\\src\\modules\\Tool.js","statementMap":{"0":{"start":{"line":24,"column":15},"end":{"line":24,"column":33}},"1":{"start":{"line":25,"column":15},"end":{"line":25,"column":33}},"2":{"start":{"line":26,"column":15},"end":{"line":26,"column":33}},"3":{"start":{"line":27,"column":13},"end":{"line":27,"column":48}},"4":{"start":{"line":33,"column":11},"end":{"line":146,"column":1}},"5":{"start":{"line":42,"column":8},"end":{"line":42,"column":23}},"6":{"start":{"line":58,"column":8},"end":{"line":61,"column":9}},"7":{"start":{"line":60,"column":28},"end":{"line":60,"column":85}},"8":{"start":{"line":63,"column":8},"end":{"line":63,"column":38}},"9":{"start":{"line":77,"column":12},"end":{"line":79,"column":23}},"10":{"start":{"line":78,"column":16},"end":{"line":78,"column":67}},"11":{"start":{"line":82,"column":8},"end":{"line":82,"column":46}},"12":{"start":{"line":93,"column":18},"end":{"line":93,"column":35}},"13":{"start":{"line":94,"column":21},"end":{"line":94,"column":23}},"14":{"start":{"line":95,"column":8},"end":{"line":95,"column":39}},"15":{"start":{"line":96,"column":8},"end":{"line":96,"column":40}},"16":{"start":{"line":97,"column":8},"end":{"line":97,"column":41}},"17":{"start":{"line":98,"column":8},"end":{"line":98,"column":41}},"18":{"start":{"line":99,"column":8},"end":{"line":99,"column":35}},"19":{"start":{"line":100,"column":8},"end":{"line":100,"column":21}},"20":{"start":{"line":110,"column":22},"end":{"line":110,"column":77}},"21":{"start":{"line":111,"column":22},"end":{"line":111,"column":37}},"22":{"start":{"line":112,"column":8},"end":{"line":118,"column":9}},"23":{"start":{"line":114,"column":12},"end":{"line":117,"column":13}},"24":{"start":{"line":116,"column":16},"end":{"line":116,"column":31}},"25":{"start":{"line":119,"column":8},"end":{"line":119,"column":16}},"26":{"start":{"line":129,"column":8},"end":{"line":129,"column":64}},"27":{"start":{"line":139,"column":19},"end":{"line":139,"column":21}},"28":{"start":{"line":140,"column":23},"end":{"line":140,"column":95}},"29":{"start":{"line":141,"column":8},"end":{"line":142,"column":80}},"30":{"start":{"line":142,"column":12},"end":{"line":142,"column":80}},"31":{"start":{"line":143,"column":8},"end":{"line":143,"column":19}}},"fnMap":{"0":{"name":"(anonymous_0)","decl":{"start":{"line":41,"column":16},"end":{"line":41,"column":17}},"loc":{"start":{"line":41,"column":28},"end":{"line":43,"column":5}},"line":41},"1":{"name":"(anonymous_1)","decl":{"start":{"line":54,"column":16},"end":{"line":54,"column":17}},"loc":{"start":{"line":54,"column":84},"end":{"line":64,"column":5}},"line":54},"2":{"name":"(anonymous_2)","decl":{"start":{"line":73,"column":13},"end":{"line":73,"column":14}},"loc":{"start":{"line":73,"column":28},"end":{"line":83,"column":5}},"line":73},"3":{"name":"byteArraytoHexString","decl":{"start":{"line":75,"column":17},"end":{"line":75,"column":37}},"loc":{"start":{"line":76,"column":8},"end":{"line":80,"column":9}},"line":76},"4":{"name":"(anonymous_4)","decl":{"start":{"line":77,"column":41},"end":{"line":77,"column":42}},"loc":{"start":{"line":77,"column":57},"end":{"line":79,"column":13}},"line":77},"5":{"name":"(anonymous_5)","decl":{"start":{"line":92,"column":16},"end":{"line":92,"column":17}},"loc":{"start":{"line":92,"column":31},"end":{"line":101,"column":5}},"line":92},"6":{"name":"(anonymous_6)","decl":{"start":{"line":108,"column":15},"end":{"line":108,"column":16}},"loc":{"start":{"line":108,"column":31},"end":{"line":120,"column":5}},"line":108},"7":{"name":"(anonymous_7)","decl":{"start":{"line":127,"column":10},"end":{"line":127,"column":11}},"loc":{"start":{"line":127,"column":40},"end":{"line":130,"column":5}},"line":127},"8":{"name":"(anonymous_8)","decl":{"start":{"line":138,"column":16},"end":{"line":138,"column":17}},"loc":{"start":{"line":138,"column":40},"end":{"line":144,"column":5}},"line":138}},"branchMap":{"0":{"loc":{"start":{"line":54,"column":32},"end":{"line":54,"column":82}},"type":"default-arg","locations":[{"start":{"line":54,"column":44},"end":{"line":54,"column":82}}],"line":54},"1":{"loc":{"start":{"line":58,"column":8},"end":{"line":61,"column":9}},"type":"if","locations":[{"start":{"line":58,"column":8},"end":{"line":61,"column":9}},{"start":{"line":58,"column":8},"end":{"line":61,"column":9}}],"line":58},"2":{"loc":{"start":{"line":114,"column":12},"end":{"line":117,"column":13}},"type":"if","locations":[{"start":{"line":114,"column":12},"end":{"line":117,"column":13}},{"start":{"line":114,"column":12},"end":{"line":117,"column":13}}],"line":114},"3":{"loc":{"start":{"line":127,"column":20},"end":{"line":127,"column":29}},"type":"default-arg","locations":[{"start":{"line":127,"column":26},"end":{"line":127,"column":29}}],"line":127},"4":{"loc":{"start":{"line":127,"column":31},"end":{"line":127,"column":38}},"type":"default-arg","locations":[{"start":{"line":127,"column":37},"end":{"line":127,"column":38}}],"line":127},"5":{"loc":{"start":{"line":140,"column":23},"end":{"line":140,"column":95}},"type":"binary-expr","locations":[{"start":{"line":140,"column":23},"end":{"line":140,"column":27}},{"start":{"line":140,"column":31},"end":{"line":140,"column":95}}],"line":140}},"s":{"0":2,"1":2,"2":2,"3":2,"4":2,"5":2,"6":2,"7":2,"8":2,"9":1,"10":20,"11":1,"12":1,"13":1,"14":1,"15":1,"16":1,"17":1,"18":1,"19":1,"20":2,"21":2,"22":2,"23":3,"24":2,"25":0,"26":1,"27":5,"28":5,"29":5,"30":412,"31":5},"f":{"0":2,"1":2,"2":1,"3":1,"4":20,"5":1,"6":2,"7":1,"8":5},"b":{"0":[0],"1":[2,0],"2":[2,1],"3":[0],"4":[0],"5":[5,2]},"_coverageSchema":"332fd63041d2c1bcb487cc26dd0d5f7d97098a6c","hash":"1fe845fe80eeb465ce68510ea32e83f7a92c78e3"}
}
