{"C:\\Users\\nullice\\MyProject\\Richang.js\\dist\\RichangNode.js": {"path":"C:\\Users\\nullice\\MyProject\\Richang.js\\dist\\RichangNode.js","statementMap":{"0":{"start":{"line":3,"column":14},"end":{"line":7,"column":1}},"1":{"start":{"line":4,"column":2},"end":{"line":4,"column":20}},"2":{"start":{"line":6,"column":2},"end":{"line":6,"column":127}},"3":{"start":{"line":37,"column":16},"end":{"line":179,"column":1}},"4":{"start":{"line":45,"column":8},"end":{"line":47,"column":9}},"5":{"start":{"line":46,"column":12},"end":{"line":46,"column":25}},"6":{"start":{"line":48,"column":8},"end":{"line":48,"column":20}},"7":{"start":{"line":63,"column":8},"end":{"line":65,"column":9}},"8":{"start":{"line":64,"column":12},"end":{"line":64,"column":19}},"9":{"start":{"line":66,"column":8},"end":{"line":97,"column":9}},"10":{"start":{"line":68,"column":12},"end":{"line":70,"column":13}},"11":{"start":{"line":69,"column":16},"end":{"line":69,"column":38}},"12":{"start":{"line":72,"column":29},"end":{"line":72,"column":33}},"13":{"start":{"line":73,"column":12},"end":{"line":75,"column":13}},"14":{"start":{"line":74,"column":16},"end":{"line":74,"column":55}},"15":{"start":{"line":77,"column":23},"end":{"line":77,"column":24}},"16":{"start":{"line":78,"column":12},"end":{"line":80,"column":13}},"17":{"start":{"line":79,"column":16},"end":{"line":79,"column":46}},"18":{"start":{"line":82,"column":12},"end":{"line":96,"column":13}},"19":{"start":{"line":83,"column":16},"end":{"line":85,"column":17}},"20":{"start":{"line":84,"column":20},"end":{"line":84,"column":35}},"21":{"start":{"line":87,"column":16},"end":{"line":87,"column":105}},"22":{"start":{"line":90,"column":16},"end":{"line":95,"column":17}},"23":{"start":{"line":91,"column":20},"end":{"line":91,"column":59}},"24":{"start":{"line":94,"column":20},"end":{"line":94,"column":39}},"25":{"start":{"line":110,"column":8},"end":{"line":125,"column":9}},"26":{"start":{"line":111,"column":12},"end":{"line":124,"column":13}},"27":{"start":{"line":112,"column":16},"end":{"line":116,"column":17}},"28":{"start":{"line":113,"column":20},"end":{"line":113,"column":48}},"29":{"start":{"line":115,"column":20},"end":{"line":115,"column":32}},"30":{"start":{"line":119,"column":16},"end":{"line":123,"column":17}},"31":{"start":{"line":120,"column":20},"end":{"line":120,"column":50}},"32":{"start":{"line":122,"column":20},"end":{"line":122,"column":32}},"33":{"start":{"line":127,"column":8},"end":{"line":127,"column":24}},"34":{"start":{"line":139,"column":8},"end":{"line":142,"column":9}},"35":{"start":{"line":140,"column":12},"end":{"line":140,"column":37}},"36":{"start":{"line":141,"column":12},"end":{"line":141,"column":19}},"37":{"start":{"line":144,"column":8},"end":{"line":176,"column":9}},"38":{"start":{"line":145,"column":12},"end":{"line":175,"column":13}},"39":{"start":{"line":146,"column":16},"end":{"line":148,"column":17}},"40":{"start":{"line":147,"column":20},"end":{"line":147,"column":42}},"41":{"start":{"line":149,"column":16},"end":{"line":149,"column":45}},"42":{"start":{"line":150,"column":19},"end":{"line":175,"column":13}},"43":{"start":{"line":151,"column":16},"end":{"line":153,"column":17}},"44":{"start":{"line":152,"column":20},"end":{"line":152,"column":45}},"45":{"start":{"line":155,"column":16},"end":{"line":155,"column":48}},"46":{"start":{"line":156,"column":19},"end":{"line":175,"column":13}},"47":{"start":{"line":157,"column":16},"end":{"line":174,"column":17}},"48":{"start":{"line":158,"column":20},"end":{"line":160,"column":21}},"49":{"start":{"line":159,"column":24},"end":{"line":159,"column":46}},"50":{"start":{"line":161,"column":20},"end":{"line":161,"column":49}},"51":{"start":{"line":163,"column":20},"end":{"line":163,"column":48}},"52":{"start":{"line":164,"column":20},"end":{"line":164,"column":27}},"53":{"start":{"line":167,"column":20},"end":{"line":169,"column":21}},"54":{"start":{"line":168,"column":24},"end":{"line":168,"column":49}},"55":{"start":{"line":171,"column":20},"end":{"line":171,"column":52}},"56":{"start":{"line":172,"column":20},"end":{"line":172,"column":52}},"57":{"start":{"line":173,"column":20},"end":{"line":173,"column":27}},"58":{"start":{"line":213,"column":16},"end":{"line":258,"column":1}},"59":{"start":{"line":223,"column":8},"end":{"line":228,"column":9}},"60":{"start":{"line":224,"column":20},"end":{"line":224,"column":41}},"61":{"start":{"line":225,"column":12},"end":{"line":225,"column":21}},"62":{"start":{"line":227,"column":12},"end":{"line":227,"column":44}},"63":{"start":{"line":238,"column":8},"end":{"line":243,"column":9}},"64":{"start":{"line":239,"column":20},"end":{"line":239,"column":59}},"65":{"start":{"line":240,"column":12},"end":{"line":240,"column":21}},"66":{"start":{"line":242,"column":12},"end":{"line":242,"column":43}},"67":{"start":{"line":255,"column":8},"end":{"line":255,"column":81}},"68":{"start":{"line":288,"column":14},"end":{"line":316,"column":1}},"69":{"start":{"line":296,"column":23},"end":{"line":306,"column":9}},"70":{"start":{"line":307,"column":8},"end":{"line":313,"column":9}},"71":{"start":{"line":308,"column":12},"end":{"line":308,"column":26}},"72":{"start":{"line":309,"column":15},"end":{"line":313,"column":9}},"73":{"start":{"line":310,"column":12},"end":{"line":310,"column":31}},"74":{"start":{"line":312,"column":12},"end":{"line":312,"column":241}},"75":{"start":{"line":350,"column":15},"end":{"line":638,"column":1}},"76":{"start":{"line":360,"column":17},"end":{"line":360,"column":19}},"77":{"start":{"line":361,"column":8},"end":{"line":363,"column":9}},"78":{"start":{"line":362,"column":12},"end":{"line":362,"column":28}},"79":{"start":{"line":365,"column":8},"end":{"line":371,"column":9}},"80":{"start":{"line":366,"column":12},"end":{"line":370,"column":13}},"81":{"start":{"line":367,"column":16},"end":{"line":367,"column":32}},"82":{"start":{"line":369,"column":16},"end":{"line":369,"column":33}},"83":{"start":{"line":373,"column":18},"end":{"line":373,"column":20}},"84":{"start":{"line":374,"column":8},"end":{"line":378,"column":9}},"85":{"start":{"line":375,"column":12},"end":{"line":377,"column":13}},"86":{"start":{"line":376,"column":16},"end":{"line":376,"column":28}},"87":{"start":{"line":379,"column":8},"end":{"line":379,"column":19}},"88":{"start":{"line":391,"column":17},"end":{"line":391,"column":19}},"89":{"start":{"line":392,"column":8},"end":{"line":394,"column":9}},"90":{"start":{"line":393,"column":12},"end":{"line":393,"column":51}},"91":{"start":{"line":396,"column":8},"end":{"line":402,"column":9}},"92":{"start":{"line":397,"column":12},"end":{"line":401,"column":13}},"93":{"start":{"line":398,"column":16},"end":{"line":398,"column":55}},"94":{"start":{"line":400,"column":16},"end":{"line":400,"column":46}},"95":{"start":{"line":404,"column":18},"end":{"line":404,"column":20}},"96":{"start":{"line":405,"column":8},"end":{"line":409,"column":9}},"97":{"start":{"line":406,"column":12},"end":{"line":408,"column":13}},"98":{"start":{"line":407,"column":16},"end":{"line":407,"column":35}},"99":{"start":{"line":410,"column":8},"end":{"line":410,"column":19}},"100":{"start":{"line":421,"column":17},"end":{"line":421,"column":19}},"101":{"start":{"line":422,"column":8},"end":{"line":424,"column":9}},"102":{"start":{"line":423,"column":12},"end":{"line":423,"column":28}},"103":{"start":{"line":426,"column":8},"end":{"line":430,"column":9}},"104":{"start":{"line":427,"column":12},"end":{"line":429,"column":13}},"105":{"start":{"line":428,"column":16},"end":{"line":428,"column":33}},"106":{"start":{"line":432,"column":18},"end":{"line":432,"column":20}},"107":{"start":{"line":433,"column":8},"end":{"line":437,"column":9}},"108":{"start":{"line":434,"column":12},"end":{"line":436,"column":13}},"109":{"start":{"line":435,"column":16},"end":{"line":435,"column":28}},"110":{"start":{"line":438,"column":8},"end":{"line":438,"column":19}},"111":{"start":{"line":449,"column":17},"end":{"line":449,"column":19}},"112":{"start":{"line":450,"column":8},"end":{"line":452,"column":9}},"113":{"start":{"line":451,"column":12},"end":{"line":451,"column":28}},"114":{"start":{"line":454,"column":8},"end":{"line":458,"column":9}},"115":{"start":{"line":455,"column":12},"end":{"line":457,"column":13}},"116":{"start":{"line":456,"column":16},"end":{"line":456,"column":32}},"117":{"start":{"line":460,"column":18},"end":{"line":460,"column":20}},"118":{"start":{"line":461,"column":8},"end":{"line":465,"column":9}},"119":{"start":{"line":462,"column":12},"end":{"line":464,"column":13}},"120":{"start":{"line":463,"column":16},"end":{"line":463,"column":28}},"121":{"start":{"line":466,"column":8},"end":{"line":466,"column":19}},"122":{"start":{"line":475,"column":17},"end":{"line":475,"column":19}},"123":{"start":{"line":476,"column":8},"end":{"line":478,"column":9}},"124":{"start":{"line":477,"column":12},"end":{"line":477,"column":29}},"125":{"start":{"line":480,"column":8},"end":{"line":484,"column":9}},"126":{"start":{"line":481,"column":12},"end":{"line":483,"column":13}},"127":{"start":{"line":482,"column":16},"end":{"line":482,"column":32}},"128":{"start":{"line":486,"column":18},"end":{"line":486,"column":20}},"129":{"start":{"line":487,"column":8},"end":{"line":491,"column":9}},"130":{"start":{"line":488,"column":12},"end":{"line":490,"column":13}},"131":{"start":{"line":489,"column":16},"end":{"line":489,"column":28}},"132":{"start":{"line":492,"column":8},"end":{"line":492,"column":19}},"133":{"start":{"line":503,"column":8},"end":{"line":505,"column":9}},"134":{"start":{"line":504,"column":22},"end":{"line":504,"column":46}},"135":{"start":{"line":507,"column":8},"end":{"line":519,"column":9}},"136":{"start":{"line":508,"column":12},"end":{"line":518,"column":13}},"137":{"start":{"line":509,"column":16},"end":{"line":512,"column":17}},"138":{"start":{"line":510,"column":20},"end":{"line":510,"column":37}},"139":{"start":{"line":511,"column":20},"end":{"line":511,"column":24}},"140":{"start":{"line":514,"column":16},"end":{"line":517,"column":17}},"141":{"start":{"line":515,"column":20},"end":{"line":515,"column":37}},"142":{"start":{"line":516,"column":20},"end":{"line":516,"column":24}},"143":{"start":{"line":521,"column":8},"end":{"line":521,"column":19}},"144":{"start":{"line":533,"column":8},"end":{"line":547,"column":9}},"145":{"start":{"line":534,"column":12},"end":{"line":538,"column":13}},"146":{"start":{"line":535,"column":16},"end":{"line":537,"column":17}},"147":{"start":{"line":536,"column":20},"end":{"line":536,"column":32}},"148":{"start":{"line":539,"column":12},"end":{"line":539,"column":25}},"149":{"start":{"line":541,"column":12},"end":{"line":545,"column":13}},"150":{"start":{"line":542,"column":16},"end":{"line":544,"column":17}},"151":{"start":{"line":543,"column":20},"end":{"line":543,"column":32}},"152":{"start":{"line":546,"column":12},"end":{"line":546,"column":25}},"153":{"start":{"line":561,"column":8},"end":{"line":573,"column":9}},"154":{"start":{"line":562,"column":12},"end":{"line":572,"column":13}},"155":{"start":{"line":563,"column":16},"end":{"line":571,"column":17}},"156":{"start":{"line":564,"column":20},"end":{"line":566,"column":21}},"157":{"start":{"line":565,"column":24},"end":{"line":565,"column":44}},"158":{"start":{"line":568,"column":20},"end":{"line":570,"column":21}},"159":{"start":{"line":569,"column":24},"end":{"line":569,"column":44}},"160":{"start":{"line":587,"column":8},"end":{"line":599,"column":9}},"161":{"start":{"line":588,"column":12},"end":{"line":598,"column":13}},"162":{"start":{"line":589,"column":16},"end":{"line":597,"column":17}},"163":{"start":{"line":590,"column":20},"end":{"line":592,"column":21}},"164":{"start":{"line":591,"column":24},"end":{"line":591,"column":47}},"165":{"start":{"line":594,"column":20},"end":{"line":596,"column":21}},"166":{"start":{"line":595,"column":24},"end":{"line":595,"column":47}},"167":{"start":{"line":609,"column":8},"end":{"line":612,"column":9}},"168":{"start":{"line":611,"column":12},"end":{"line":611,"column":37}},"169":{"start":{"line":615,"column":12},"end":{"line":634,"column":14}},"170":{"start":{"line":617,"column":16},"end":{"line":633,"column":17}},"171":{"start":{"line":618,"column":20},"end":{"line":618,"column":32}},"172":{"start":{"line":619,"column":20},"end":{"line":619,"column":32}},"173":{"start":{"line":620,"column":20},"end":{"line":622,"column":21}},"174":{"start":{"line":621,"column":24},"end":{"line":621,"column":33}},"175":{"start":{"line":623,"column":20},"end":{"line":629,"column":21}},"176":{"start":{"line":624,"column":24},"end":{"line":628,"column":25}},"177":{"start":{"line":625,"column":28},"end":{"line":625,"column":50}},"178":{"start":{"line":627,"column":28},"end":{"line":627,"column":50}},"179":{"start":{"line":630,"column":20},"end":{"line":630,"column":146}},"180":{"start":{"line":632,"column":20},"end":{"line":632,"column":34}},"181":{"start":{"line":664,"column":11},"end":{"line":664,"column":13}},"182":{"start":{"line":672,"column":0},"end":{"line":679,"column":2}},"183":{"start":{"line":673,"column":24},"end":{"line":673,"column":62}},"184":{"start":{"line":674,"column":4},"end":{"line":674,"column":38}},"185":{"start":{"line":675,"column":4},"end":{"line":675,"column":37}},"186":{"start":{"line":676,"column":4},"end":{"line":676,"column":57}},"187":{"start":{"line":677,"column":4},"end":{"line":677,"column":57}},"188":{"start":{"line":678,"column":4},"end":{"line":678,"column":25}},"189":{"start":{"line":687,"column":0},"end":{"line":694,"column":2}},"190":{"start":{"line":688,"column":24},"end":{"line":688,"column":76}},"191":{"start":{"line":689,"column":4},"end":{"line":689,"column":38}},"192":{"start":{"line":690,"column":4},"end":{"line":690,"column":37}},"193":{"start":{"line":691,"column":4},"end":{"line":691,"column":54}},"194":{"start":{"line":692,"column":4},"end":{"line":692,"column":55}},"195":{"start":{"line":693,"column":4},"end":{"line":693,"column":25}},"196":{"start":{"line":706,"column":0},"end":{"line":723,"column":2}},"197":{"start":{"line":708,"column":15},"end":{"line":708,"column":35}},"198":{"start":{"line":709,"column":4},"end":{"line":716,"column":5}},"199":{"start":{"line":710,"column":8},"end":{"line":710,"column":32}},"200":{"start":{"line":711,"column":8},"end":{"line":711,"column":31}},"201":{"start":{"line":712,"column":8},"end":{"line":712,"column":33}},"202":{"start":{"line":713,"column":8},"end":{"line":713,"column":34}},"203":{"start":{"line":715,"column":8},"end":{"line":715,"column":36}},"204":{"start":{"line":718,"column":4},"end":{"line":718,"column":25}},"205":{"start":{"line":719,"column":4},"end":{"line":719,"column":24}},"206":{"start":{"line":720,"column":4},"end":{"line":720,"column":26}},"207":{"start":{"line":721,"column":4},"end":{"line":721,"column":27}},"208":{"start":{"line":722,"column":4},"end":{"line":722,"column":32}},"209":{"start":{"line":732,"column":0},"end":{"line":750,"column":2}},"210":{"start":{"line":734,"column":16},"end":{"line":734,"column":68}},"211":{"start":{"line":735,"column":4},"end":{"line":747,"column":5}},"212":{"start":{"line":736,"column":19},"end":{"line":736,"column":43}},"213":{"start":{"line":738,"column":8},"end":{"line":738,"column":60}},"214":{"start":{"line":738,"column":37},"end":{"line":738,"column":60}},"215":{"start":{"line":739,"column":8},"end":{"line":739,"column":57}},"216":{"start":{"line":739,"column":36},"end":{"line":739,"column":57}},"217":{"start":{"line":740,"column":8},"end":{"line":740,"column":63}},"218":{"start":{"line":740,"column":38},"end":{"line":740,"column":63}},"219":{"start":{"line":741,"column":8},"end":{"line":741,"column":66}},"220":{"start":{"line":741,"column":39},"end":{"line":741,"column":66}},"221":{"start":{"line":743,"column":8},"end":{"line":743,"column":59}},"222":{"start":{"line":743,"column":36},"end":{"line":743,"column":59}},"223":{"start":{"line":744,"column":8},"end":{"line":744,"column":55}},"224":{"start":{"line":744,"column":34},"end":{"line":744,"column":55}},"225":{"start":{"line":745,"column":8},"end":{"line":745,"column":63}},"226":{"start":{"line":745,"column":38},"end":{"line":745,"column":63}},"227":{"start":{"line":746,"column":8},"end":{"line":746,"column":67}},"228":{"start":{"line":746,"column":40},"end":{"line":746,"column":67}},"229":{"start":{"line":749,"column":4},"end":{"line":749,"column":33}},"230":{"start":{"line":758,"column":0},"end":{"line":768,"column":2}},"231":{"start":{"line":760,"column":16},"end":{"line":760,"column":41}},"232":{"start":{"line":761,"column":4},"end":{"line":765,"column":5}},"233":{"start":{"line":762,"column":19},"end":{"line":762,"column":27}},"234":{"start":{"line":763,"column":8},"end":{"line":763,"column":41}},"235":{"start":{"line":764,"column":8},"end":{"line":764,"column":41}},"236":{"start":{"line":767,"column":4},"end":{"line":767,"column":17}},"237":{"start":{"line":776,"column":0},"end":{"line":784,"column":2}},"238":{"start":{"line":778,"column":16},"end":{"line":778,"column":37}},"239":{"start":{"line":779,"column":16},"end":{"line":779,"column":37}},"240":{"start":{"line":781,"column":21},"end":{"line":781,"column":137}},"241":{"start":{"line":783,"column":4},"end":{"line":783,"column":22}},"242":{"start":{"line":814,"column":14},"end":{"line":814,"column":16}},"243":{"start":{"line":815,"column":9},"end":{"line":815,"column":22}},"244":{"start":{"line":823,"column":0},"end":{"line":831,"column":2}},"245":{"start":{"line":824,"column":4},"end":{"line":830,"column":5}},"246":{"start":{"line":825,"column":18},"end":{"line":825,"column":32}},"247":{"start":{"line":826,"column":8},"end":{"line":826,"column":44}},"248":{"start":{"line":827,"column":8},"end":{"line":827,"column":20}},"249":{"start":{"line":829,"column":8},"end":{"line":829,"column":20}},"250":{"start":{"line":833,"column":18},"end":{"line":844,"column":1}},"251":{"start":{"line":844,"column":2},"end":{"line":844,"column":31}}},"fnMap":{"0":{"name":"(anonymous_0)","decl":{"start":{"line":3,"column":84},"end":{"line":3,"column":85}},"loc":{"start":{"line":3,"column":99},"end":{"line":5,"column":1}},"line":3},"1":{"name":"(anonymous_1)","decl":{"start":{"line":5,"column":4},"end":{"line":5,"column":5}},"loc":{"start":{"line":5,"column":19},"end":{"line":7,"column":1}},"line":5},"2":{"name":"isEmptyObject","decl":{"start":{"line":44,"column":28},"end":{"line":44,"column":41}},"loc":{"start":{"line":44,"column":47},"end":{"line":49,"column":5}},"line":44},"3":{"name":"objectCopyToObject","decl":{"start":{"line":61,"column":33},"end":{"line":61,"column":51}},"loc":{"start":{"line":61,"column":118},"end":{"line":98,"column":5}},"line":61},"4":{"name":"getObjectValueByNames","decl":{"start":{"line":108,"column":36},"end":{"line":108,"column":57}},"loc":{"start":{"line":108,"column":87},"end":{"line":128,"column":5}},"line":108},"5":{"name":"setObjectValueByNames","decl":{"start":{"line":136,"column":36},"end":{"line":136,"column":57}},"loc":{"start":{"line":136,"column":80},"end":{"line":177,"column":5}},"line":136},"6":{"name":"left","decl":{"start":{"line":221,"column":19},"end":{"line":221,"column":23}},"loc":{"start":{"line":221,"column":37},"end":{"line":229,"column":5}},"line":221},"7":{"name":"right","decl":{"start":{"line":237,"column":20},"end":{"line":237,"column":25}},"loc":{"start":{"line":237,"column":39},"end":{"line":244,"column":5}},"line":237},"8":{"name":"insert","decl":{"start":{"line":254,"column":21},"end":{"line":254,"column":27}},"loc":{"start":{"line":254,"column":55},"end":{"line":256,"column":5}},"line":254},"9":{"name":"getType","decl":{"start":{"line":295,"column":22},"end":{"line":295,"column":29}},"loc":{"start":{"line":295,"column":37},"end":{"line":314,"column":5}},"line":295},"10":{"name":"symDifference","decl":{"start":{"line":359,"column":28},"end":{"line":359,"column":41}},"loc":{"start":{"line":359,"column":48},"end":{"line":380,"column":5}},"line":359},"11":{"name":"symDifference_ObjectArray","decl":{"start":{"line":390,"column":40},"end":{"line":390,"column":65}},"loc":{"start":{"line":390,"column":77},"end":{"line":411,"column":5}},"line":390},"12":{"name":"difference","decl":{"start":{"line":420,"column":25},"end":{"line":420,"column":35}},"loc":{"start":{"line":420,"column":42},"end":{"line":439,"column":5}},"line":420},"13":{"name":"union","decl":{"start":{"line":448,"column":20},"end":{"line":448,"column":25}},"loc":{"start":{"line":448,"column":32},"end":{"line":467,"column":5}},"line":448},"14":{"name":"intersection","decl":{"start":{"line":474,"column":27},"end":{"line":474,"column":39}},"loc":{"start":{"line":474,"column":46},"end":{"line":493,"column":5}},"line":474},"15":{"name":"remove","decl":{"start":{"line":502,"column":21},"end":{"line":502,"column":27}},"loc":{"start":{"line":502,"column":56},"end":{"line":522,"column":5}},"line":502},"16":{"name":"hasMember","decl":{"start":{"line":532,"column":24},"end":{"line":532,"column":33}},"loc":{"start":{"line":532,"column":63},"end":{"line":548,"column":5}},"line":532},"17":{"name":"getByKey","decl":{"start":{"line":560,"column":23},"end":{"line":560,"column":31}},"loc":{"start":{"line":560,"column":69},"end":{"line":574,"column":5}},"line":560},"18":{"name":"deleteByKey","decl":{"start":{"line":586,"column":26},"end":{"line":586,"column":37}},"loc":{"start":{"line":586,"column":75},"end":{"line":600,"column":5}},"line":586},"19":{"name":"sortObjectArray","decl":{"start":{"line":608,"column":30},"end":{"line":608,"column":45}},"loc":{"start":{"line":608,"column":66},"end":{"line":636,"column":5}},"line":608},"20":{"name":"by","decl":{"start":{"line":614,"column":17},"end":{"line":614,"column":19}},"loc":{"start":{"line":614,"column":26},"end":{"line":635,"column":9}},"line":614},"21":{"name":"(anonymous_21)","decl":{"start":{"line":615,"column":19},"end":{"line":615,"column":20}},"loc":{"start":{"line":615,"column":35},"end":{"line":634,"column":13}},"line":615},"22":{"name":"(anonymous_22)","decl":{"start":{"line":672,"column":17},"end":{"line":672,"column":18}},"loc":{"start":{"line":672,"column":39},"end":{"line":679,"column":1}},"line":672},"23":{"name":"(anonymous_23)","decl":{"start":{"line":687,"column":17},"end":{"line":687,"column":18}},"loc":{"start":{"line":687,"column":39},"end":{"line":694,"column":1}},"line":687},"24":{"name":"(anonymous_24)","decl":{"start":{"line":706,"column":19},"end":{"line":706,"column":20}},"loc":{"start":{"line":706,"column":44},"end":{"line":723,"column":1}},"line":706},"25":{"name":"(anonymous_25)","decl":{"start":{"line":732,"column":21},"end":{"line":732,"column":22}},"loc":{"start":{"line":732,"column":38},"end":{"line":750,"column":1}},"line":732},"26":{"name":"(anonymous_26)","decl":{"start":{"line":758,"column":17},"end":{"line":758,"column":18}},"loc":{"start":{"line":758,"column":38},"end":{"line":768,"column":1}},"line":758},"27":{"name":"(anonymous_27)","decl":{"start":{"line":776,"column":20},"end":{"line":776,"column":21}},"loc":{"start":{"line":776,"column":44},"end":{"line":784,"column":1}},"line":776},"28":{"name":"(anonymous_28)","decl":{"start":{"line":823,"column":25},"end":{"line":823,"column":26}},"loc":{"start":{"line":823,"column":46},"end":{"line":831,"column":1}},"line":823}},"branchMap":{"0":{"loc":{"start":{"line":3,"column":14},"end":{"line":7,"column":1}},"type":"cond-expr","locations":[{"start":{"line":3,"column":84},"end":{"line":5,"column":1}},{"start":{"line":5,"column":4},"end":{"line":7,"column":1}}],"line":3},"1":{"loc":{"start":{"line":3,"column":14},"end":{"line":3,"column":81}},"type":"binary-expr","locations":[{"start":{"line":3,"column":14},"end":{"line":3,"column":42}},{"start":{"line":3,"column":46},"end":{"line":3,"column":81}}],"line":3},"2":{"loc":{"start":{"line":6,"column":9},"end":{"line":6,"column":126}},"type":"cond-expr","locations":[{"start":{"line":6,"column":105},"end":{"line":6,"column":113}},{"start":{"line":6,"column":116},"end":{"line":6,"column":126}}],"line":6},"3":{"loc":{"start":{"line":6,"column":9},"end":{"line":6,"column":102}},"type":"binary-expr","locations":[{"start":{"line":6,"column":9},"end":{"line":6,"column":12}},{"start":{"line":6,"column":16},"end":{"line":6,"column":44}},{"start":{"line":6,"column":48},"end":{"line":6,"column":74}},{"start":{"line":6,"column":78},"end":{"line":6,"column":102}}],"line":6},"4":{"loc":{"start":{"line":63,"column":8},"end":{"line":65,"column":9}},"type":"if","locations":[{"start":{"line":63,"column":8},"end":{"line":65,"column":9}},{"start":{"line":63,"column":8},"end":{"line":65,"column":9}}],"line":63},"5":{"loc":{"start":{"line":68,"column":12},"end":{"line":70,"column":13}},"type":"if","locations":[{"start":{"line":68,"column":12},"end":{"line":70,"column":13}},{"start":{"line":68,"column":12},"end":{"line":70,"column":13}}],"line":68},"6":{"loc":{"start":{"line":73,"column":12},"end":{"line":75,"column":13}},"type":"if","locations":[{"start":{"line":73,"column":12},"end":{"line":75,"column":13}},{"start":{"line":73,"column":12},"end":{"line":75,"column":13}}],"line":73},"7":{"loc":{"start":{"line":78,"column":12},"end":{"line":80,"column":13}},"type":"if","locations":[{"start":{"line":78,"column":12},"end":{"line":80,"column":13}},{"start":{"line":78,"column":12},"end":{"line":80,"column":13}}],"line":78},"8":{"loc":{"start":{"line":82,"column":12},"end":{"line":96,"column":13}},"type":"if","locations":[{"start":{"line":82,"column":12},"end":{"line":96,"column":13}},{"start":{"line":82,"column":12},"end":{"line":96,"column":13}}],"line":82},"9":{"loc":{"start":{"line":82,"column":16},"end":{"line":82,"column":68}},"type":"binary-expr","locations":[{"start":{"line":82,"column":16},"end":{"line":82,"column":35}},{"start":{"line":82,"column":39},"end":{"line":82,"column":68}}],"line":82},"10":{"loc":{"start":{"line":83,"column":16},"end":{"line":85,"column":17}},"type":"if","locations":[{"start":{"line":83,"column":16},"end":{"line":85,"column":17}},{"start":{"line":83,"column":16},"end":{"line":85,"column":17}}],"line":83},"11":{"loc":{"start":{"line":90,"column":16},"end":{"line":95,"column":17}},"type":"if","locations":[{"start":{"line":90,"column":16},"end":{"line":95,"column":17}},{"start":{"line":90,"column":16},"end":{"line":95,"column":17}}],"line":90},"12":{"loc":{"start":{"line":110,"column":44},"end":{"line":110,"column":61}},"type":"binary-expr","locations":[{"start":{"line":110,"column":44},"end":{"line":110,"column":56}},{"start":{"line":110,"column":60},"end":{"line":110,"column":61}}],"line":110},"13":{"loc":{"start":{"line":111,"column":12},"end":{"line":124,"column":13}},"type":"if","locations":[{"start":{"line":111,"column":12},"end":{"line":124,"column":13}},{"start":{"line":111,"column":12},"end":{"line":124,"column":13}}],"line":111},"14":{"loc":{"start":{"line":112,"column":16},"end":{"line":116,"column":17}},"type":"if","locations":[{"start":{"line":112,"column":16},"end":{"line":116,"column":17}},{"start":{"line":112,"column":16},"end":{"line":116,"column":17}}],"line":112},"15":{"loc":{"start":{"line":119,"column":16},"end":{"line":123,"column":17}},"type":"if","locations":[{"start":{"line":119,"column":16},"end":{"line":123,"column":17}},{"start":{"line":119,"column":16},"end":{"line":123,"column":17}}],"line":119},"16":{"loc":{"start":{"line":139,"column":8},"end":{"line":142,"column":9}},"type":"if","locations":[{"start":{"line":139,"column":8},"end":{"line":142,"column":9}},{"start":{"line":139,"column":8},"end":{"line":142,"column":9}}],"line":139},"17":{"loc":{"start":{"line":145,"column":12},"end":{"line":175,"column":13}},"type":"if","locations":[{"start":{"line":145,"column":12},"end":{"line":175,"column":13}},{"start":{"line":145,"column":12},"end":{"line":175,"column":13}}],"line":145},"18":{"loc":{"start":{"line":145,"column":16},"end":{"line":145,"column":42}},"type":"binary-expr","locations":[{"start":{"line":145,"column":16},"end":{"line":145,"column":22}},{"start":{"line":145,"column":26},"end":{"line":145,"column":42}}],"line":145},"19":{"loc":{"start":{"line":146,"column":16},"end":{"line":148,"column":17}},"type":"if","locations":[{"start":{"line":146,"column":16},"end":{"line":148,"column":17}},{"start":{"line":146,"column":16},"end":{"line":148,"column":17}}],"line":146},"20":{"loc":{"start":{"line":150,"column":19},"end":{"line":175,"column":13}},"type":"if","locations":[{"start":{"line":150,"column":19},"end":{"line":175,"column":13}},{"start":{"line":150,"column":19},"end":{"line":175,"column":13}}],"line":150},"21":{"loc":{"start":{"line":150,"column":23},"end":{"line":150,"column":63}},"type":"binary-expr","locations":[{"start":{"line":150,"column":23},"end":{"line":150,"column":43}},{"start":{"line":150,"column":47},"end":{"line":150,"column":63}}],"line":150},"22":{"loc":{"start":{"line":151,"column":16},"end":{"line":153,"column":17}},"type":"if","locations":[{"start":{"line":151,"column":16},"end":{"line":153,"column":17}},{"start":{"line":151,"column":16},"end":{"line":153,"column":17}}],"line":151},"23":{"loc":{"start":{"line":156,"column":19},"end":{"line":175,"column":13}},"type":"if","locations":[{"start":{"line":156,"column":19},"end":{"line":175,"column":13}},{"start":{"line":156,"column":19},"end":{"line":175,"column":13}}],"line":156},"24":{"loc":{"start":{"line":157,"column":16},"end":{"line":174,"column":17}},"type":"if","locations":[{"start":{"line":157,"column":16},"end":{"line":174,"column":17}},{"start":{"line":157,"column":16},"end":{"line":174,"column":17}}],"line":157},"25":{"loc":{"start":{"line":158,"column":20},"end":{"line":160,"column":21}},"type":"if","locations":[{"start":{"line":158,"column":20},"end":{"line":160,"column":21}},{"start":{"line":158,"column":20},"end":{"line":160,"column":21}}],"line":158},"26":{"loc":{"start":{"line":167,"column":20},"end":{"line":169,"column":21}},"type":"if","locations":[{"start":{"line":167,"column":20},"end":{"line":169,"column":21}},{"start":{"line":167,"column":20},"end":{"line":169,"column":21}}],"line":167},"27":{"loc":{"start":{"line":223,"column":8},"end":{"line":228,"column":9}},"type":"if","locations":[{"start":{"line":223,"column":8},"end":{"line":228,"column":9}},{"start":{"line":223,"column":8},"end":{"line":228,"column":9}}],"line":223},"28":{"loc":{"start":{"line":238,"column":8},"end":{"line":243,"column":9}},"type":"if","locations":[{"start":{"line":238,"column":8},"end":{"line":243,"column":9}},{"start":{"line":238,"column":8},"end":{"line":243,"column":9}}],"line":238},"29":{"loc":{"start":{"line":307,"column":8},"end":{"line":313,"column":9}},"type":"if","locations":[{"start":{"line":307,"column":8},"end":{"line":313,"column":9}},{"start":{"line":307,"column":8},"end":{"line":313,"column":9}}],"line":307},"30":{"loc":{"start":{"line":309,"column":15},"end":{"line":313,"column":9}},"type":"if","locations":[{"start":{"line":309,"column":15},"end":{"line":313,"column":9}},{"start":{"line":309,"column":15},"end":{"line":313,"column":9}}],"line":309},"31":{"loc":{"start":{"line":312,"column":19},"end":{"line":312,"column":240}},"type":"cond-expr","locations":[{"start":{"line":312,"column":127},"end":{"line":312,"column":178}},{"start":{"line":312,"column":181},"end":{"line":312,"column":240}}],"line":312},"32":{"loc":{"start":{"line":312,"column":19},"end":{"line":312,"column":124}},"type":"binary-expr","locations":[{"start":{"line":312,"column":19},"end":{"line":312,"column":93}},{"start":{"line":312,"column":97},"end":{"line":312,"column":124}}],"line":312},"33":{"loc":{"start":{"line":312,"column":20},"end":{"line":312,"column":79}},"type":"cond-expr","locations":[{"start":{"line":312,"column":51},"end":{"line":312,"column":62}},{"start":{"line":312,"column":65},"end":{"line":312,"column":79}}],"line":312},"34":{"loc":{"start":{"line":312,"column":127},"end":{"line":312,"column":178}},"type":"binary-expr","locations":[{"start":{"line":312,"column":127},"end":{"line":312,"column":166}},{"start":{"line":312,"column":170},"end":{"line":312,"column":178}}],"line":312},"35":{"loc":{"start":{"line":312,"column":181},"end":{"line":312,"column":240}},"type":"cond-expr","locations":[{"start":{"line":312,"column":212},"end":{"line":312,"column":223}},{"start":{"line":312,"column":226},"end":{"line":312,"column":240}}],"line":312},"36":{"loc":{"start":{"line":366,"column":12},"end":{"line":370,"column":13}},"type":"if","locations":[{"start":{"line":366,"column":12},"end":{"line":370,"column":13}},{"start":{"line":366,"column":12},"end":{"line":370,"column":13}}],"line":366},"37":{"loc":{"start":{"line":375,"column":12},"end":{"line":377,"column":13}},"type":"if","locations":[{"start":{"line":375,"column":12},"end":{"line":377,"column":13}},{"start":{"line":375,"column":12},"end":{"line":377,"column":13}}],"line":375},"38":{"loc":{"start":{"line":397,"column":12},"end":{"line":401,"column":13}},"type":"if","locations":[{"start":{"line":397,"column":12},"end":{"line":401,"column":13}},{"start":{"line":397,"column":12},"end":{"line":401,"column":13}}],"line":397},"39":{"loc":{"start":{"line":406,"column":12},"end":{"line":408,"column":13}},"type":"if","locations":[{"start":{"line":406,"column":12},"end":{"line":408,"column":13}},{"start":{"line":406,"column":12},"end":{"line":408,"column":13}}],"line":406},"40":{"loc":{"start":{"line":427,"column":12},"end":{"line":429,"column":13}},"type":"if","locations":[{"start":{"line":427,"column":12},"end":{"line":429,"column":13}},{"start":{"line":427,"column":12},"end":{"line":429,"column":13}}],"line":427},"41":{"loc":{"start":{"line":434,"column":12},"end":{"line":436,"column":13}},"type":"if","locations":[{"start":{"line":434,"column":12},"end":{"line":436,"column":13}},{"start":{"line":434,"column":12},"end":{"line":436,"column":13}}],"line":434},"42":{"loc":{"start":{"line":455,"column":12},"end":{"line":457,"column":13}},"type":"if","locations":[{"start":{"line":455,"column":12},"end":{"line":457,"column":13}},{"start":{"line":455,"column":12},"end":{"line":457,"column":13}}],"line":455},"43":{"loc":{"start":{"line":462,"column":12},"end":{"line":464,"column":13}},"type":"if","locations":[{"start":{"line":462,"column":12},"end":{"line":464,"column":13}},{"start":{"line":462,"column":12},"end":{"line":464,"column":13}}],"line":462},"44":{"loc":{"start":{"line":481,"column":12},"end":{"line":483,"column":13}},"type":"if","locations":[{"start":{"line":481,"column":12},"end":{"line":483,"column":13}},{"start":{"line":481,"column":12},"end":{"line":483,"column":13}}],"line":481},"45":{"loc":{"start":{"line":488,"column":12},"end":{"line":490,"column":13}},"type":"if","locations":[{"start":{"line":488,"column":12},"end":{"line":490,"column":13}},{"start":{"line":488,"column":12},"end":{"line":490,"column":13}}],"line":488},"46":{"loc":{"start":{"line":503,"column":8},"end":{"line":505,"column":9}},"type":"if","locations":[{"start":{"line":503,"column":8},"end":{"line":505,"column":9}},{"start":{"line":503,"column":8},"end":{"line":505,"column":9}}],"line":503},"47":{"loc":{"start":{"line":508,"column":12},"end":{"line":518,"column":13}},"type":"if","locations":[{"start":{"line":508,"column":12},"end":{"line":518,"column":13}},{"start":{"line":508,"column":12},"end":{"line":518,"column":13}}],"line":508},"48":{"loc":{"start":{"line":509,"column":16},"end":{"line":512,"column":17}},"type":"if","locations":[{"start":{"line":509,"column":16},"end":{"line":512,"column":17}},{"start":{"line":509,"column":16},"end":{"line":512,"column":17}}],"line":509},"49":{"loc":{"start":{"line":514,"column":16},"end":{"line":517,"column":17}},"type":"if","locations":[{"start":{"line":514,"column":16},"end":{"line":517,"column":17}},{"start":{"line":514,"column":16},"end":{"line":517,"column":17}}],"line":514},"50":{"loc":{"start":{"line":533,"column":8},"end":{"line":547,"column":9}},"type":"if","locations":[{"start":{"line":533,"column":8},"end":{"line":547,"column":9}},{"start":{"line":533,"column":8},"end":{"line":547,"column":9}}],"line":533},"51":{"loc":{"start":{"line":535,"column":16},"end":{"line":537,"column":17}},"type":"if","locations":[{"start":{"line":535,"column":16},"end":{"line":537,"column":17}},{"start":{"line":535,"column":16},"end":{"line":537,"column":17}}],"line":535},"52":{"loc":{"start":{"line":542,"column":16},"end":{"line":544,"column":17}},"type":"if","locations":[{"start":{"line":542,"column":16},"end":{"line":544,"column":17}},{"start":{"line":542,"column":16},"end":{"line":544,"column":17}}],"line":542},"53":{"loc":{"start":{"line":562,"column":12},"end":{"line":572,"column":13}},"type":"if","locations":[{"start":{"line":562,"column":12},"end":{"line":572,"column":13}},{"start":{"line":562,"column":12},"end":{"line":572,"column":13}}],"line":562},"54":{"loc":{"start":{"line":563,"column":16},"end":{"line":571,"column":17}},"type":"if","locations":[{"start":{"line":563,"column":16},"end":{"line":571,"column":17}},{"start":{"line":563,"column":16},"end":{"line":571,"column":17}}],"line":563},"55":{"loc":{"start":{"line":564,"column":20},"end":{"line":566,"column":21}},"type":"if","locations":[{"start":{"line":564,"column":20},"end":{"line":566,"column":21}},{"start":{"line":564,"column":20},"end":{"line":566,"column":21}}],"line":564},"56":{"loc":{"start":{"line":568,"column":20},"end":{"line":570,"column":21}},"type":"if","locations":[{"start":{"line":568,"column":20},"end":{"line":570,"column":21}},{"start":{"line":568,"column":20},"end":{"line":570,"column":21}}],"line":568},"57":{"loc":{"start":{"line":588,"column":12},"end":{"line":598,"column":13}},"type":"if","locations":[{"start":{"line":588,"column":12},"end":{"line":598,"column":13}},{"start":{"line":588,"column":12},"end":{"line":598,"column":13}}],"line":588},"58":{"loc":{"start":{"line":589,"column":16},"end":{"line":597,"column":17}},"type":"if","locations":[{"start":{"line":589,"column":16},"end":{"line":597,"column":17}},{"start":{"line":589,"column":16},"end":{"line":597,"column":17}}],"line":589},"59":{"loc":{"start":{"line":590,"column":20},"end":{"line":592,"column":21}},"type":"if","locations":[{"start":{"line":590,"column":20},"end":{"line":592,"column":21}},{"start":{"line":590,"column":20},"end":{"line":592,"column":21}}],"line":590},"60":{"loc":{"start":{"line":594,"column":20},"end":{"line":596,"column":21}},"type":"if","locations":[{"start":{"line":594,"column":20},"end":{"line":596,"column":21}},{"start":{"line":594,"column":20},"end":{"line":596,"column":21}}],"line":594},"61":{"loc":{"start":{"line":609,"column":8},"end":{"line":612,"column":9}},"type":"if","locations":[{"start":{"line":609,"column":8},"end":{"line":612,"column":9}},{"start":{"line":609,"column":8},"end":{"line":612,"column":9}}],"line":609},"62":{"loc":{"start":{"line":609,"column":12},"end":{"line":609,"column":53}},"type":"binary-expr","locations":[{"start":{"line":609,"column":12},"end":{"line":609,"column":28}},{"start":{"line":609,"column":32},"end":{"line":609,"column":53}}],"line":609},"63":{"loc":{"start":{"line":617,"column":16},"end":{"line":633,"column":17}},"type":"if","locations":[{"start":{"line":617,"column":16},"end":{"line":633,"column":17}},{"start":{"line":617,"column":16},"end":{"line":633,"column":17}}],"line":617},"64":{"loc":{"start":{"line":617,"column":20},"end":{"line":617,"column":166}},"type":"binary-expr","locations":[{"start":{"line":617,"column":20},"end":{"line":617,"column":86}},{"start":{"line":617,"column":90},"end":{"line":617,"column":156}},{"start":{"line":617,"column":160},"end":{"line":617,"column":161}},{"start":{"line":617,"column":165},"end":{"line":617,"column":166}}],"line":617},"65":{"loc":{"start":{"line":617,"column":21},"end":{"line":617,"column":72}},"type":"cond-expr","locations":[{"start":{"line":617,"column":48},"end":{"line":617,"column":59}},{"start":{"line":617,"column":62},"end":{"line":617,"column":72}}],"line":617},"66":{"loc":{"start":{"line":617,"column":91},"end":{"line":617,"column":142}},"type":"cond-expr","locations":[{"start":{"line":617,"column":118},"end":{"line":617,"column":129}},{"start":{"line":617,"column":132},"end":{"line":617,"column":142}}],"line":617},"67":{"loc":{"start":{"line":620,"column":20},"end":{"line":622,"column":21}},"type":"if","locations":[{"start":{"line":620,"column":20},"end":{"line":622,"column":21}},{"start":{"line":620,"column":20},"end":{"line":622,"column":21}}],"line":620},"68":{"loc":{"start":{"line":623,"column":20},"end":{"line":629,"column":21}},"type":"if","locations":[{"start":{"line":623,"column":20},"end":{"line":629,"column":21}},{"start":{"line":623,"column":20},"end":{"line":629,"column":21}}],"line":623},"69":{"loc":{"start":{"line":623,"column":25},"end":{"line":623,"column":76}},"type":"cond-expr","locations":[{"start":{"line":623,"column":52},"end":{"line":623,"column":63}},{"start":{"line":623,"column":66},"end":{"line":623,"column":76}}],"line":623},"70":{"loc":{"start":{"line":623,"column":83},"end":{"line":623,"column":134}},"type":"cond-expr","locations":[{"start":{"line":623,"column":110},"end":{"line":623,"column":121}},{"start":{"line":623,"column":124},"end":{"line":623,"column":134}}],"line":623},"71":{"loc":{"start":{"line":624,"column":24},"end":{"line":628,"column":25}},"type":"if","locations":[{"start":{"line":624,"column":24},"end":{"line":628,"column":25}},{"start":{"line":624,"column":24},"end":{"line":628,"column":25}}],"line":624},"72":{"loc":{"start":{"line":625,"column":35},"end":{"line":625,"column":49}},"type":"cond-expr","locations":[{"start":{"line":625,"column":43},"end":{"line":625,"column":45}},{"start":{"line":625,"column":48},"end":{"line":625,"column":49}}],"line":625},"73":{"loc":{"start":{"line":627,"column":35},"end":{"line":627,"column":49}},"type":"cond-expr","locations":[{"start":{"line":627,"column":43},"end":{"line":627,"column":45}},{"start":{"line":627,"column":48},"end":{"line":627,"column":49}}],"line":627},"74":{"loc":{"start":{"line":630,"column":27},"end":{"line":630,"column":145}},"type":"cond-expr","locations":[{"start":{"line":630,"column":139},"end":{"line":630,"column":141}},{"start":{"line":630,"column":144},"end":{"line":630,"column":145}}],"line":630},"75":{"loc":{"start":{"line":630,"column":28},"end":{"line":630,"column":79}},"type":"cond-expr","locations":[{"start":{"line":630,"column":55},"end":{"line":630,"column":66}},{"start":{"line":630,"column":69},"end":{"line":630,"column":79}}],"line":630},"76":{"loc":{"start":{"line":630,"column":84},"end":{"line":630,"column":135}},"type":"cond-expr","locations":[{"start":{"line":630,"column":111},"end":{"line":630,"column":122}},{"start":{"line":630,"column":125},"end":{"line":630,"column":135}}],"line":630},"77":{"loc":{"start":{"line":709,"column":4},"end":{"line":716,"column":5}},"type":"if","locations":[{"start":{"line":709,"column":4},"end":{"line":716,"column":5}},{"start":{"line":709,"column":4},"end":{"line":716,"column":5}}],"line":709},"78":{"loc":{"start":{"line":709,"column":8},"end":{"line":709,"column":45}},"type":"binary-expr","locations":[{"start":{"line":709,"column":8},"end":{"line":709,"column":22}},{"start":{"line":709,"column":26},"end":{"line":709,"column":45}}],"line":709},"79":{"loc":{"start":{"line":738,"column":8},"end":{"line":738,"column":60}},"type":"if","locations":[{"start":{"line":738,"column":8},"end":{"line":738,"column":60}},{"start":{"line":738,"column":8},"end":{"line":738,"column":60}}],"line":738},"80":{"loc":{"start":{"line":739,"column":8},"end":{"line":739,"column":57}},"type":"if","locations":[{"start":{"line":739,"column":8},"end":{"line":739,"column":57}},{"start":{"line":739,"column":8},"end":{"line":739,"column":57}}],"line":739},"81":{"loc":{"start":{"line":740,"column":8},"end":{"line":740,"column":63}},"type":"if","locations":[{"start":{"line":740,"column":8},"end":{"line":740,"column":63}},{"start":{"line":740,"column":8},"end":{"line":740,"column":63}}],"line":740},"82":{"loc":{"start":{"line":741,"column":8},"end":{"line":741,"column":66}},"type":"if","locations":[{"start":{"line":741,"column":8},"end":{"line":741,"column":66}},{"start":{"line":741,"column":8},"end":{"line":741,"column":66}}],"line":741},"83":{"loc":{"start":{"line":743,"column":8},"end":{"line":743,"column":59}},"type":"if","locations":[{"start":{"line":743,"column":8},"end":{"line":743,"column":59}},{"start":{"line":743,"column":8},"end":{"line":743,"column":59}}],"line":743},"84":{"loc":{"start":{"line":744,"column":8},"end":{"line":744,"column":55}},"type":"if","locations":[{"start":{"line":744,"column":8},"end":{"line":744,"column":55}},{"start":{"line":744,"column":8},"end":{"line":744,"column":55}}],"line":744},"85":{"loc":{"start":{"line":745,"column":8},"end":{"line":745,"column":63}},"type":"if","locations":[{"start":{"line":745,"column":8},"end":{"line":745,"column":63}},{"start":{"line":745,"column":8},"end":{"line":745,"column":63}}],"line":745},"86":{"loc":{"start":{"line":746,"column":8},"end":{"line":746,"column":67}},"type":"if","locations":[{"start":{"line":746,"column":8},"end":{"line":746,"column":67}},{"start":{"line":746,"column":8},"end":{"line":746,"column":67}}],"line":746},"87":{"loc":{"start":{"line":781,"column":24},"end":{"line":781,"column":136}},"type":"binary-expr","locations":[{"start":{"line":781,"column":24},"end":{"line":781,"column":49}},{"start":{"line":781,"column":53},"end":{"line":781,"column":78}},{"start":{"line":781,"column":82},"end":{"line":781,"column":107}},{"start":{"line":781,"column":111},"end":{"line":781,"column":136}}],"line":781},"88":{"loc":{"start":{"line":824,"column":4},"end":{"line":830,"column":5}},"type":"if","locations":[{"start":{"line":824,"column":4},"end":{"line":830,"column":5}},{"start":{"line":824,"column":4},"end":{"line":830,"column":5}}],"line":824},"89":{"loc":{"start":{"line":824,"column":8},"end":{"line":824,"column":53}},"type":"binary-expr","locations":[{"start":{"line":824,"column":8},"end":{"line":824,"column":25}},{"start":{"line":824,"column":29},"end":{"line":824,"column":53}}],"line":824},"90":{"loc":{"start":{"line":826,"column":33},"end":{"line":826,"column":42}},"type":"binary-expr","locations":[{"start":{"line":826,"column":33},"end":{"line":826,"column":36}},{"start":{"line":826,"column":40},"end":{"line":826,"column":42}}],"line":826}},"s":{"0":1,"1":0,"2":0,"3":1,"4":1,"5":0,"6":1,"7":0,"8":0,"9":0,"10":0,"11":0,"12":0,"13":0,"14":0,"15":0,"16":0,"17":0,"18":0,"19":0,"20":0,"21":0,"22":0,"23":0,"24":0,"25":0,"26":0,"27":0,"28":0,"29":0,"30":0,"31":0,"32":0,"33":0,"34":0,"35":0,"36":0,"37":0,"38":0,"39":0,"40":0,"41":0,"42":0,"43":0,"44":0,"45":0,"46":0,"47":0,"48":0,"49":0,"50":0,"51":0,"52":0,"53":0,"54":0,"55":0,"56":0,"57":0,"58":1,"59":0,"60":0,"61":0,"62":0,"63":0,"64":0,"65":0,"66":0,"67":0,"68":1,"69":0,"70":0,"71":0,"72":0,"73":0,"74":0,"75":1,"76":0,"77":0,"78":0,"79":0,"80":0,"81":0,"82":0,"83":0,"84":0,"85":0,"86":0,"87":0,"88":0,"89":0,"90":0,"91":0,"92":0,"93":0,"94":0,"95":0,"96":0,"97":0,"98":0,"99":0,"100":0,"101":0,"102":0,"103":0,"104":0,"105":0,"106":0,"107":0,"108":0,"109":0,"110":0,"111":0,"112":0,"113":0,"114":0,"115":0,"116":0,"117":0,"118":0,"119":0,"120":0,"121":0,"122":0,"123":0,"124":0,"125":0,"126":0,"127":0,"128":0,"129":0,"130":0,"131":0,"132":0,"133":0,"134":0,"135":0,"136":0,"137":0,"138":0,"139":0,"140":0,"141":0,"142":0,"143":0,"144":0,"145":0,"146":0,"147":0,"148":0,"149":0,"150":0,"151":0,"152":0,"153":0,"154":0,"155":0,"156":0,"157":0,"158":0,"159":0,"160":0,"161":0,"162":0,"163":0,"164":0,"165":0,"166":0,"167":0,"168":0,"169":0,"170":0,"171":0,"172":0,"173":0,"174":0,"175":0,"176":0,"177":0,"178":0,"179":0,"180":0,"181":1,"182":1,"183":0,"184":0,"185":0,"186":0,"187":0,"188":0,"189":1,"190":0,"191":0,"192":0,"193":0,"194":0,"195":0,"196":1,"197":0,"198":0,"199":0,"200":0,"201":0,"202":0,"203":0,"204":0,"205":0,"206":0,"207":0,"208":0,"209":1,"210":0,"211":0,"212":0,"213":0,"214":0,"215":0,"216":0,"217":0,"218":0,"219":0,"220":0,"221":0,"222":0,"223":0,"224":0,"225":0,"226":0,"227":0,"228":0,"229":0,"230":1,"231":0,"232":0,"233":0,"234":0,"235":0,"236":0,"237":1,"238":0,"239":0,"240":0,"241":0,"242":1,"243":1,"244":1,"245":0,"246":0,"247":0,"248":0,"249":0,"250":1,"251":1},"f":{"0":0,"1":0,"2":1,"3":0,"4":0,"5":0,"6":0,"7":0,"8":0,"9":0,"10":0,"11":0,"12":0,"13":0,"14":0,"15":0,"16":0,"17":0,"18":0,"19":0,"20":0,"21":0,"22":0,"23":0,"24":0,"25":0,"26":0,"27":0,"28":0},"b":{"0":[1,0],"1":[1,1],"2":[0,0],"3":[0,0,0,0],"4":[0,0],"5":[0,0],"6":[0,0],"7":[0,0],"8":[0,0],"9":[0,0],"10":[0,0],"11":[0,0],"12":[0,0],"13":[0,0],"14":[0,0],"15":[0,0],"16":[0,0],"17":[0,0],"18":[0,0],"19":[0,0],"20":[0,0],"21":[0,0],"22":[0,0],"23":[0,0],"24":[0,0],"25":[0,0],"26":[0,0],"27":[0,0],"28":[0,0],"29":[0,0],"30":[0,0],"31":[0,0],"32":[0,0],"33":[0,0],"34":[0,0],"35":[0,0],"36":[0,0],"37":[0,0],"38":[0,0],"39":[0,0],"40":[0,0],"41":[0,0],"42":[0,0],"43":[0,0],"44":[0,0],"45":[0,0],"46":[0,0],"47":[0,0],"48":[0,0],"49":[0,0],"50":[0,0],"51":[0,0],"52":[0,0],"53":[0,0],"54":[0,0],"55":[0,0],"56":[0,0],"57":[0,0],"58":[0,0],"59":[0,0],"60":[0,0],"61":[0,0],"62":[0,0],"63":[0,0],"64":[0,0,0,0],"65":[0,0],"66":[0,0],"67":[0,0],"68":[0,0],"69":[0,0],"70":[0,0],"71":[0,0],"72":[0,0],"73":[0,0],"74":[0,0],"75":[0,0],"76":[0,0],"77":[0,0],"78":[0,0],"79":[0,0],"80":[0,0],"81":[0,0],"82":[0,0],"83":[0,0],"84":[0,0],"85":[0,0],"86":[0,0],"87":[0,0,0,0],"88":[0,0],"89":[0,0],"90":[0,0]},"_coverageSchema":"332fd63041d2c1bcb487cc26dd0d5f7d97098a6c","hash":"c9c97e893f3a099b04e9183f3e336923542addcc"}
}
