TN:
SF:C:\Users\nullice\MyProject\Richang.js\dist\RichangNode.js
FN:3,(anonymous_0)
FN:5,(anonymous_1)
FN:44,isEmptyObject
FN:61,objectCopyToObject
FN:108,getObjectValueByNames
FN:136,setObjectValueByNames
FN:221,left
FN:237,right
FN:254,insert
FN:295,getType
FN:359,symDifference
FN:390,symDifference_ObjectArray
FN:420,difference
FN:448,union
FN:474,intersection
FN:502,remove
FN:532,hasMember
FN:560,getByKey
FN:586,deleteByKey
FN:608,sortObjectArray
FN:614,by
FN:615,(anonymous_21)
FN:672,(anonymous_22)
FN:687,(anonymous_23)
FN:706,(anonymous_24)
FN:732,(anonymous_25)
FN:758,(anonymous_26)
FN:776,(anonymous_27)
FN:823,(anonymous_28)
FNF:29
FNH:1
FNDA:0,(anonymous_0)
FNDA:0,(anonymous_1)
FNDA:1,isEmptyObject
FNDA:0,objectCopyToObject
FNDA:0,getObjectValueByNames
FNDA:0,setObjectValueByNames
FNDA:0,left
FNDA:0,right
FNDA:0,insert
FNDA:0,getType
FNDA:0,symDifference
FNDA:0,symDifference_ObjectArray
FNDA:0,difference
FNDA:0,union
FNDA:0,intersection
FNDA:0,remove
FNDA:0,hasMember
FNDA:0,getByKey
FNDA:0,deleteByKey
FNDA:0,sortObjectArray
FNDA:0,by
FNDA:0,(anonymous_21)
FNDA:0,(anonymous_22)
FNDA:0,(anonymous_23)
FNDA:0,(anonymous_24)
FNDA:0,(anonymous_25)
FNDA:0,(anonymous_26)
FNDA:0,(anonymous_27)
FNDA:0,(anonymous_28)
DA:3,1
DA:4,0
DA:6,0
DA:37,1
DA:45,1
DA:46,0
DA:48,1
DA:63,0
DA:64,0
DA:66,0
DA:68,0
DA:69,0
DA:72,0
DA:73,0
DA:74,0
DA:77,0
DA:78,0
DA:79,0
DA:82,0
DA:83,0
DA:84,0
DA:87,0
DA:90,0
DA:91,0
DA:94,0
DA:110,0
DA:111,0
DA:112,0
DA:113,0
DA:115,0
DA:119,0
DA:120,0
DA:122,0
DA:127,0
DA:139,0
DA:140,0
DA:141,0
DA:144,0
DA:145,0
DA:146,0
DA:147,0
DA:149,0
DA:150,0
DA:151,0
DA:152,0
DA:155,0
DA:156,0
DA:157,0
DA:158,0
DA:159,0
DA:161,0
DA:163,0
DA:164,0
DA:167,0
DA:168,0
DA:171,0
DA:172,0
DA:173,0
DA:213,1
DA:223,0
DA:224,0
DA:225,0
DA:227,0
DA:238,0
DA:239,0
DA:240,0
DA:242,0
DA:255,0
DA:288,1
DA:296,0
DA:307,0
DA:308,0
DA:309,0
DA:310,0
DA:312,0
DA:350,1
DA:360,0
DA:361,0
DA:362,0
DA:365,0
DA:366,0
DA:367,0
DA:369,0
DA:373,0
DA:374,0
DA:375,0
DA:376,0
DA:379,0
DA:391,0
DA:392,0
DA:393,0
DA:396,0
DA:397,0
DA:398,0
DA:400,0
DA:404,0
DA:405,0
DA:406,0
DA:407,0
DA:410,0
DA:421,0
DA:422,0
DA:423,0
DA:426,0
DA:427,0
DA:428,0
DA:432,0
DA:433,0
DA:434,0
DA:435,0
DA:438,0
DA:449,0
DA:450,0
DA:451,0
DA:454,0
DA:455,0
DA:456,0
DA:460,0
DA:461,0
DA:462,0
DA:463,0
DA:466,0
DA:475,0
DA:476,0
DA:477,0
DA:480,0
DA:481,0
DA:482,0
DA:486,0
DA:487,0
DA:488,0
DA:489,0
DA:492,0
DA:503,0
DA:504,0
DA:507,0
DA:508,0
DA:509,0
DA:510,0
DA:511,0
DA:514,0
DA:515,0
DA:516,0
DA:521,0
DA:533,0
DA:534,0
DA:535,0
DA:536,0
DA:539,0
DA:541,0
DA:542,0
DA:543,0
DA:546,0
DA:561,0
DA:562,0
DA:563,0
DA:564,0
DA:565,0
DA:568,0
DA:569,0
DA:587,0
DA:588,0
DA:589,0
DA:590,0
DA:591,0
DA:594,0
DA:595,0
DA:609,0
DA:611,0
DA:615,0
DA:617,0
DA:618,0
DA:619,0
DA:620,0
DA:621,0
DA:623,0
DA:624,0
DA:625,0
DA:627,0
DA:630,0
DA:632,0
DA:664,1
DA:672,1
DA:673,0
DA:674,0
DA:675,0
DA:676,0
DA:677,0
DA:678,0
DA:687,1
DA:688,0
DA:689,0
DA:690,0
DA:691,0
DA:692,0
DA:693,0
DA:706,1
DA:708,0
DA:709,0
DA:710,0
DA:711,0
DA:712,0
DA:713,0
DA:715,0
DA:718,0
DA:719,0
DA:720,0
DA:721,0
DA:722,0
DA:732,1
DA:734,0
DA:735,0
DA:736,0
DA:738,0
DA:739,0
DA:740,0
DA:741,0
DA:743,0
DA:744,0
DA:745,0
DA:746,0
DA:749,0
DA:758,1
DA:760,0
DA:761,0
DA:762,0
DA:763,0
DA:764,0
DA:767,0
DA:776,1
DA:778,0
DA:779,0
DA:781,0
DA:783,0
DA:814,1
DA:815,1
DA:823,1
DA:824,0
DA:825,0
DA:826,0
DA:827,0
DA:829,0
DA:833,1
DA:844,1
LF:244
LH:19
BRDA:3,0,0,1
BRDA:3,0,1,0
BRDA:3,1,0,1
BRDA:3,1,1,1
BRDA:6,2,0,0
BRDA:6,2,1,0
BRDA:6,3,0,0
BRDA:6,3,1,0
BRDA:6,3,2,0
BRDA:6,3,3,0
BRDA:63,4,0,0
BRDA:63,4,1,0
BRDA:68,5,0,0
BRDA:68,5,1,0
BRDA:73,6,0,0
BRDA:73,6,1,0
BRDA:78,7,0,0
BRDA:78,7,1,0
BRDA:82,8,0,0
BRDA:82,8,1,0
BRDA:82,9,0,0
BRDA:82,9,1,0
BRDA:83,10,0,0
BRDA:83,10,1,0
BRDA:90,11,0,0
BRDA:90,11,1,0
BRDA:110,12,0,0
BRDA:110,12,1,0
BRDA:111,13,0,0
BRDA:111,13,1,0
BRDA:112,14,0,0
BRDA:112,14,1,0
BRDA:119,15,0,0
BRDA:119,15,1,0
BRDA:139,16,0,0
BRDA:139,16,1,0
BRDA:145,17,0,0
BRDA:145,17,1,0
BRDA:145,18,0,0
BRDA:145,18,1,0
BRDA:146,19,0,0
BRDA:146,19,1,0
BRDA:150,20,0,0
BRDA:150,20,1,0
BRDA:150,21,0,0
BRDA:150,21,1,0
BRDA:151,22,0,0
BRDA:151,22,1,0
BRDA:156,23,0,0
BRDA:156,23,1,0
BRDA:157,24,0,0
BRDA:157,24,1,0
BRDA:158,25,0,0
BRDA:158,25,1,0
BRDA:167,26,0,0
BRDA:167,26,1,0
BRDA:223,27,0,0
BRDA:223,27,1,0
BRDA:238,28,0,0
BRDA:238,28,1,0
BRDA:307,29,0,0
BRDA:307,29,1,0
BRDA:309,30,0,0
BRDA:309,30,1,0
BRDA:312,31,0,0
BRDA:312,31,1,0
BRDA:312,32,0,0
BRDA:312,32,1,0
BRDA:312,33,0,0
BRDA:312,33,1,0
BRDA:312,34,0,0
BRDA:312,34,1,0
BRDA:312,35,0,0
BRDA:312,35,1,0
BRDA:366,36,0,0
BRDA:366,36,1,0
BRDA:375,37,0,0
BRDA:375,37,1,0
BRDA:397,38,0,0
BRDA:397,38,1,0
BRDA:406,39,0,0
BRDA:406,39,1,0
BRDA:427,40,0,0
BRDA:427,40,1,0
BRDA:434,41,0,0
BRDA:434,41,1,0
BRDA:455,42,0,0
BRDA:455,42,1,0
BRDA:462,43,0,0
BRDA:462,43,1,0
BRDA:481,44,0,0
BRDA:481,44,1,0
BRDA:488,45,0,0
BRDA:488,45,1,0
BRDA:503,46,0,0
BRDA:503,46,1,0
BRDA:508,47,0,0
BRDA:508,47,1,0
BRDA:509,48,0,0
BRDA:509,48,1,0
BRDA:514,49,0,0
BRDA:514,49,1,0
BRDA:533,50,0,0
BRDA:533,50,1,0
BRDA:535,51,0,0
BRDA:535,51,1,0
BRDA:542,52,0,0
BRDA:542,52,1,0
BRDA:562,53,0,0
BRDA:562,53,1,0
BRDA:563,54,0,0
BRDA:563,54,1,0
BRDA:564,55,0,0
BRDA:564,55,1,0
BRDA:568,56,0,0
BRDA:568,56,1,0
BRDA:588,57,0,0
BRDA:588,57,1,0
BRDA:589,58,0,0
BRDA:589,58,1,0
BRDA:590,59,0,0
BRDA:590,59,1,0
BRDA:594,60,0,0
BRDA:594,60,1,0
BRDA:609,61,0,0
BRDA:609,61,1,0
BRDA:609,62,0,0
BRDA:609,62,1,0
BRDA:617,63,0,0
BRDA:617,63,1,0
BRDA:617,64,0,0
BRDA:617,64,1,0
BRDA:617,64,2,0
BRDA:617,64,3,0
BRDA:617,65,0,0
BRDA:617,65,1,0
BRDA:617,66,0,0
BRDA:617,66,1,0
BRDA:620,67,0,0
BRDA:620,67,1,0
BRDA:623,68,0,0
BRDA:623,68,1,0
BRDA:623,69,0,0
BRDA:623,69,1,0
BRDA:623,70,0,0
BRDA:623,70,1,0
BRDA:624,71,0,0
BRDA:624,71,1,0
BRDA:625,72,0,0
BRDA:625,72,1,0
BRDA:627,73,0,0
BRDA:627,73,1,0
BRDA:630,74,0,0
BRDA:630,74,1,0
BRDA:630,75,0,0
BRDA:630,75,1,0
BRDA:630,76,0,0
BRDA:630,76,1,0
BRDA:709,77,0,0
BRDA:709,77,1,0
BRDA:709,78,0,0
BRDA:709,78,1,0
BRDA:738,79,0,0
BRDA:738,79,1,0
BRDA:739,80,0,0
BRDA:739,80,1,0
BRDA:740,81,0,0
BRDA:740,81,1,0
BRDA:741,82,0,0
BRDA:741,82,1,0
BRDA:743,83,0,0
BRDA:743,83,1,0
BRDA:744,84,0,0
BRDA:744,84,1,0
BRDA:745,85,0,0
BRDA:745,85,1,0
BRDA:746,86,0,0
BRDA:746,86,1,0
BRDA:781,87,0,0
BRDA:781,87,1,0
BRDA:781,87,2,0
BRDA:781,87,3,0
BRDA:824,88,0,0
BRDA:824,88,1,0
BRDA:824,89,0,0
BRDA:824,89,1,0
BRDA:826,90,0,0
BRDA:826,90,1,0
BRF:188
BRH:3
end_of_record
