TN:
SF:C:\Users\nullice\MyProject\Richang.js\src\modules\NodeFile.js
FN:53,(anonymous_0)
FN:115,(anonymous_1)
FNF:2
FNH:2
FNDA:1,(anonymous_0)
FNDA:1,(anonymous_1)
DA:25,1
DA:26,1
DA:27,1
DA:29,1
DA:33,1
DA:38,1
DA:54,1
DA:57,1
DA:58,1
DA:61,1
DA:62,1
DA:63,1
DA:65,1
DA:74,1
DA:83,0
DA:84,0
DA:85,0
DA:87,0
DA:88,0
DA:90,0
DA:91,0
DA:92,0
DA:94,0
DA:96,0
DA:115,1
DA:116,1
DA:117,1
DA:119,1
DA:121,0
DA:125,1
DA:128,1
DA:130,0
DA:133,1
DA:136,1
DA:140,1
LF:35
LH:23
BRDA:81,0,0,0
BRDA:88,1,0,0
BRDA:88,1,1,0
BRDA:94,2,0,0
BRDA:94,2,1,0
BRDA:119,3,0,0
BRDA:119,3,1,1
BRDA:128,4,0,0
BRDA:128,4,1,1
BRF:9
BRH:2
end_of_record
TN:
SF:C:\Users\nullice\MyProject\Richang.js\src\modules\NodeImage.js
FN:46,(anonymous_0)
FN:47,(anonymous_1)
FN:54,(anonymous_2)
FN:59,(anonymous_3)
FN:78,(anonymous_4)
FN:80,(anonymous_5)
FN:103,(anonymous_6)
FNF:7
FNH:6
FNDA:2,(anonymous_0)
FNDA:2,(anonymous_1)
FNDA:2,(anonymous_2)
FNDA:0,(anonymous_3)
FNDA:1,(anonymous_4)
FNDA:1,(anonymous_5)
FNDA:1,(anonymous_6)
DA:29,1
DA:30,1
DA:31,1
DA:32,1
DA:39,1
DA:47,2
DA:48,2
DA:50,2
DA:51,2
DA:52,2
DA:55,2
DA:59,0
DA:60,0
DA:62,0
DA:64,0
DA:80,1
DA:82,1
DA:83,1
DA:86,1
DA:88,529
DA:89,529
DA:90,529
DA:91,529
DA:92,529
DA:96,1
DA:102,1
DA:103,1
DA:104,1
DA:106,0
DA:108,1
LF:30
LH:25
BRDA:48,0,0,2
BRDA:48,0,1,0
BRDA:60,1,0,0
BRDA:60,1,1,0
BRDA:83,2,0,1
BRDA:83,2,1,0
BRDA:104,3,0,0
BRDA:104,3,1,1
BRF:8
BRH:3
end_of_record
TN:
SF:C:\Users\nullice\MyProject\Richang.js\src\modules\NodeTool.js
FN:43,(anonymous_0)
FN:58,(anonymous_1)
FN:72,(anonymous_2)
FNF:3
FNH:2
FNDA:1,(anonymous_0)
FNDA:1,(anonymous_1)
FNDA:0,(anonymous_2)
DA:28,1
DA:33,1
DA:44,1
DA:45,1
DA:46,1
DA:47,1
DA:59,1
DA:60,1
DA:61,1
DA:62,1
DA:73,0
DA:74,0
DA:75,0
DA:77,0
DA:79,0
LF:15
LH:10
BRF:0
BRH:0
end_of_record
TN:
SF:C:\Users\nullice\MyProject\Richang.js\src\modules\Object.js
FN:39,(anonymous_0)
FN:57,(anonymous_1)
FN:115,(anonymous_2)
FN:154,(anonymous_3)
FN:230,(anonymous_4)
FN:238,(anonymous_5)
FN:243,once
FN:326,(anonymous_7)
FN:332,(anonymous_8)
FN:337,once
FNF:10
FNH:6
FNDA:1,(anonymous_0)
FNDA:0,(anonymous_1)
FNDA:0,(anonymous_2)
FNDA:0,(anonymous_3)
FNDA:4,(anonymous_4)
FNDA:200,(anonymous_5)
FNDA:150,once
FNDA:8,(anonymous_7)
FNDA:0,(anonymous_8)
FNDA:314,once
DA:32,1
DA:40,1
DA:42,0
DA:44,1
DA:59,0
DA:60,0
DA:61,0
DA:64,0
DA:66,0
DA:69,0
DA:70,0
DA:72,0
DA:75,0
DA:76,0
DA:78,0
DA:81,0
DA:83,0
DA:85,0
DA:88,0
DA:92,0
DA:94,0
DA:99,0
DA:117,0
DA:119,0
DA:121,0
DA:123,0
DA:126,0
DA:132,0
DA:134,0
DA:138,0
DA:145,0
DA:157,0
DA:159,0
DA:160,0
DA:163,0
DA:165,0
DA:167,0
DA:169,0
DA:171,0
DA:173,0
DA:175,0
DA:177,0
DA:180,0
DA:182,0
DA:184,0
DA:186,0
DA:188,0
DA:190,0
DA:192,0
DA:193,0
DA:199,0
DA:201,0
DA:204,0
DA:205,0
DA:206,0
DA:232,4
DA:235,2
DA:238,2
DA:239,200
DA:245,150
DA:246,150
DA:247,150
DA:249,478
DA:251,478
DA:253,36
DA:254,36
DA:256,2
DA:260,476
DA:262,153
DA:264,74
DA:265,74
DA:267,1
DA:269,73
DA:273,79
DA:278,147
DA:280,73
DA:282,72
DA:283,72
DA:285,1
DA:287,71
DA:291,146
DA:294,4
DA:295,4
DA:297,2
DA:300,2
DA:327,8
DA:328,8
DA:329,8
DA:331,8
DA:332,0
DA:334,8
DA:335,8
DA:339,314
DA:341,26
DA:344,314
DA:345,314
DA:347,1014
DA:348,1014
DA:350,34
DA:353,980
DA:356,1014
DA:357,1014
DA:359,0
DA:362,1014
DA:364,306
DA:366,168
DA:367,168
DA:369,0
DA:373,138
DA:378,314
DA:380,142
DA:382,138
DA:383,138
DA:385,0
DA:389,314
LF:115
LH:59
BRDA:59,0,0,0
BRDA:59,0,1,0
BRDA:64,1,0,0
BRDA:64,1,1,0
BRDA:70,2,0,0
BRDA:70,2,1,0
BRDA:76,3,0,0
BRDA:76,3,1,0
BRDA:81,4,0,0
BRDA:81,4,1,0
BRDA:81,5,0,0
BRDA:81,5,1,0
BRDA:83,6,0,0
BRDA:83,6,1,0
BRDA:92,7,0,0
BRDA:92,7,1,0
BRDA:117,8,0,0
BRDA:117,8,1,0
BRDA:119,9,0,0
BRDA:119,9,1,0
BRDA:121,10,0,0
BRDA:121,10,1,0
BRDA:132,11,0,0
BRDA:132,11,1,0
BRDA:157,12,0,0
BRDA:157,12,1,0
BRDA:165,13,0,0
BRDA:165,13,1,0
BRDA:165,14,0,0
BRDA:165,14,1,0
BRDA:167,15,0,0
BRDA:167,15,1,0
BRDA:173,16,0,0
BRDA:173,16,1,0
BRDA:173,17,0,0
BRDA:173,17,1,0
BRDA:175,18,0,0
BRDA:175,18,1,0
BRDA:182,19,0,0
BRDA:182,19,1,0
BRDA:184,20,0,0
BRDA:184,20,1,0
BRDA:186,21,0,0
BRDA:186,21,1,0
BRDA:199,22,0,0
BRDA:199,22,1,0
BRDA:232,23,0,2
BRDA:232,23,1,2
BRDA:251,24,0,36
BRDA:251,24,1,442
BRDA:254,25,0,2
BRDA:254,25,1,34
BRDA:260,26,0,153
BRDA:260,26,1,323
BRDA:262,27,0,74
BRDA:262,27,1,79
BRDA:265,28,0,1
BRDA:265,28,1,73
BRDA:265,29,0,74
BRDA:265,29,1,31
BRDA:278,30,0,73
BRDA:278,30,1,74
BRDA:283,31,0,1
BRDA:283,31,1,71
BRDA:283,32,0,72
BRDA:283,32,1,29
BRDA:295,33,0,2
BRDA:295,33,1,2
BRDA:297,34,0,2
BRDA:297,34,1,0
BRDA:331,35,0,0
BRDA:331,35,1,8
BRDA:339,36,0,26
BRDA:339,36,1,288
BRDA:348,37,0,34
BRDA:348,37,1,980
BRDA:357,38,0,0
BRDA:357,38,1,1014
BRDA:362,39,0,306
BRDA:362,39,1,708
BRDA:364,40,0,168
BRDA:364,40,1,138
BRDA:367,41,0,0
BRDA:367,41,1,168
BRDA:378,42,0,142
BRDA:378,42,1,172
BRDA:383,43,0,0
BRDA:383,43,1,138
BRF:88
BRH:37
end_of_record
TN:
SF:C:\Users\nullice\MyProject\Richang.js\src\modules\Time.js
FN:39,(anonymous_0)
FN:57,(anonymous_1)
FNF:2
FNH:2
FNDA:4,(anonymous_0)
FNDA:3,(anonymous_1)
DA:26,2
DA:31,2
DA:40,4
DA:41,4
DA:43,0
DA:46,4
DA:59,3
DA:62,0
DA:65,3
LF:9
LH:7
BRDA:41,0,0,0
BRDA:41,0,1,4
BRDA:59,1,0,0
BRDA:59,1,1,3
BRF:4
BRH:2
end_of_record
TN:
SF:C:\Users\nullice\MyProject\Richang.js\src\modules\Tool.js
FN:41,(anonymous_0)
FN:54,(anonymous_1)
FN:73,(anonymous_2)
FN:75,byteArraytoHexString
FN:77,(anonymous_4)
FN:92,(anonymous_5)
FN:108,(anonymous_6)
FN:127,(anonymous_7)
FN:138,(anonymous_8)
FNF:9
FNH:9
FNDA:2,(anonymous_0)
FNDA:2,(anonymous_1)
FNDA:1,(anonymous_2)
FNDA:1,byteArraytoHexString
FNDA:20,(anonymous_4)
FNDA:1,(anonymous_5)
FNDA:2,(anonymous_6)
FNDA:1,(anonymous_7)
FNDA:5,(anonymous_8)
DA:24,2
DA:25,2
DA:26,2
DA:27,2
DA:33,2
DA:42,2
DA:58,2
DA:60,2
DA:63,2
DA:77,1
DA:78,20
DA:82,1
DA:93,1
DA:94,1
DA:95,1
DA:96,1
DA:97,1
DA:98,1
DA:99,1
DA:100,1
DA:110,2
DA:111,2
DA:112,2
DA:114,3
DA:116,2
DA:119,0
DA:129,1
DA:139,5
DA:140,5
DA:141,5
DA:142,412
DA:143,5
LF:32
LH:31
BRDA:54,0,0,0
BRDA:58,1,0,2
BRDA:58,1,1,0
BRDA:114,2,0,2
BRDA:114,2,1,1
BRDA:127,3,0,0
BRDA:127,4,0,0
BRDA:140,5,0,5
BRDA:140,5,1,2
BRF:9
BRH:5
end_of_record
